#
# A fatal error has been detected by the Java Runtime Environment:
#
#  EXCEPTION_ACCESS_VIOLATION (0xc0000005) at pc=0x00007ff99ee7e2b1, pid=32020, tid=15328
#
# JRE version: Java(TM) SE Runtime Environment (21.0.8+12) (build 21.0.8+12-LTS-250)
# Java VM: Java HotSpot(TM) 64-Bit Server VM (21.0.8+12-LTS-250, mixed mode, sharing, tiered, compressed oops, compressed class ptrs, g1 gc, windows-amd64)
# Problematic frame:
# V  [jvm.dll+0x13e2b1]
#
# No core dump will be written. Minidumps are not enabled by default on client versions of Windows
#
# If you would like to submit a bug report, please visit:
#   https://bugreport.java.com/bugreport/crash.jsp
#

---------------  S U M M A R Y ------------

Command Line: --add-opens=java.base/java.lang=ALL-UNNAMED --add-opens=java.base/java.lang.invoke=ALL-UNNAMED --add-opens=java.base/java.util=ALL-UNNAMED --add-opens=java.prefs/java.util.prefs=ALL-UNNAMED --add-exports=jdk.compiler/com.sun.tools.javac.api=ALL-UNNAMED --add-exports=jdk.compiler/com.sun.tools.javac.util=ALL-UNNAMED --add-opens=java.base/java.util=ALL-UNNAMED --add-opens=java.prefs/java.util.prefs=ALL-UNNAMED --add-opens=java.base/java.nio.charset=ALL-UNNAMED --add-opens=java.base/java.net=ALL-UNNAMED --add-opens=java.base/java.util.concurrent.atomic=ALL-UNNAMED --add-opens=java.xml/javax.xml.namespace=ALL-UNNAMED -XX:MaxMetaspaceSize=384m -XX:+HeapDumpOnOutOfMemoryError -Xms256m -Xmx512m -Dfile.encoding=UTF-8 -Duser.country=US -Duser.language=en -Duser.variant -javaagent:C:\Users\jfune\.gradle\wrapper\dists\gradle-8.14-bin\38aieal9i53h9rfe7vjup95b9\gradle-8.14\lib\agents\gradle-instrumentation-agent-8.14.jar org.gradle.launcher.daemon.bootstrap.GradleDaemon 8.14

Host: AMD Ryzen 7 5700X 8-Core Processor             , 16 cores, 15G,  Windows 11 , 64 bit Build 26100 (10.0.26100.6725)
Time: Fri Oct 31 18:34:14 2025 Argentina Standard Time elapsed time: 570.381956 seconds (0d 0h 9m 30s)

---------------  T H R E A D  ---------------

Current thread (0x00000243cb6cd730):  WorkerThread "GC Thread#5"    [id=15328, stack(0x000000851e800000,0x000000851e900000) (1024K)]

Stack: [0x000000851e800000,0x000000851e900000],  sp=0x000000851e8ff398,  free space=1020k
Native frames: (J=compiled Java code, j=interpreted, Vv=VM code, C=native code)
V  [jvm.dll+0x13e2b1]


siginfo: EXCEPTION_ACCESS_VIOLATION (0xc0000005), reading address 0x0000000000000100


Registers:
RAX=0x0000000000000000, RBX=0x0000000000000001, RCX=0x00000243b2238738, RDX=0x00000000e9570890
RSP=0x000000851e8ff398, RBP=0x000000000000146c, RSI=0x00000243960e8550, RDI=0x0000000000000009
R8 =0x00000243b2238738, R9 =0x0000000000000000, R10=0x0000000000000003, R11=0x0000000000000001
R12=0x0000000000000004, R13=0x00000243b2238738, R14=0x00000000e9570890, R15=0x00000243e28f5ac0
RIP=0x00007ff99ee7e2b1, EFLAGS=0x0000000000010246


Register to memory mapping:

RAX=0x0 is null
RBX=0x0000000000000001 is an unknown value
RCX=0x00000243b2238738 is pointing into metadata
RDX=
[error occurred during error reporting (printing register info), id 0xc0000005, EXCEPTION_ACCESS_VIOLATION (0xc0000005) at pc=0x00007ff99ee7e246]
RSP=0x000000851e8ff398 points into unknown readable memory: 0x00007ff99f096bdb | db 6b 09 9f f9 7f 00 00
RBP=0x000000000000146c is an unknown value
RSI=0x00000243960e8550 points into unknown readable memory: 0x0000000000000000 | 00 00 00 00 00 00 00 00
RDI=0x0000000000000009 is an unknown value
R8 =0x00000243b2238738 is pointing into metadata
R9 =0x0 is null
R10=0x0000000000000003 is an unknown value
R11=0x0000000000000001 is an unknown value
R12=0x0000000000000004 is an unknown value
R13=0x00000243b2238738 is pointing into metadata
R14=
[error occurred during error reporting (printing register info, attempt 2), id 0xc0000005, EXCEPTION_ACCESS_VIOLATION (0xc0000005) at pc=0x00007ff99ee7e246]
R15=0x00000243e28f5ac0 points into unknown readable memory: 0x00007ff99f71b7b8 | b8 b7 71 9f f9 7f 00 00

Top of Stack: (sp=0x000000851e8ff398)
0x000000851e8ff398:   00007ff99f096bdb 0000000000000001
0x000000851e8ff3a8:   0000000000000002 00000000e92fc190
0x000000851e8ff3b8:   0000000000000000 00000000e929bb1c
0x000000851e8ff3c8:   00007ff99f094f69 0000000000000009
0x000000851e8ff3d8:   00000243b1d43150 00000000e9a587d0
0x000000851e8ff3e8:   00007ff99f0970b0 00000243e28f5c48
0x000000851e8ff3f8:   0000000000000000 0000000000000000
0x000000851e8ff408:   00000243e28f5ac0 0000000000000004
0x000000851e8ff418:   00000243e28f5ac0 00000243960e8550
0x000000851e8ff428:   000000000000146c 00000000e92fc1b0
0x000000851e8ff438:   00007ff99f097e73 00000000e9550000
0x000000851e8ff448:   0000000000000001 0000024300000000
0x000000851e8ff458:   0000000000000028 00000243cb465a70
0x000000851e8ff468:   00000243cb5de740 00000000e9316188
0x000000851e8ff478:   00000243960c56d0 000000851e8ff520
0x000000851e8ff488:   00007ff99f097aee 00000d1600001469
0x000000851e8ff498:   00000243e28f5ac0 00000243960c56d0
0x000000851e8ff4a8:   000000851e8ff520 000000851e8ff590
0x000000851e8ff4b8:   00007ff99f0ac7b9 00000000e955fbc2
0x000000851e8ff4c8:   000000000000000b 0000000000000000
0x000000851e8ff4d8:   000000851e8ff590 000000851d5fec80
0x000000851e8ff4e8:   00007ff99f404e1f 0000000000000000
0x000000851e8ff4f8:   0000000000000000 00000243cb000000
0x000000851e8ff508:   00007ff99f0a291f 00000243cb5de740
0x000000851e8ff518:   00007ff99f54d477 00000243cb465a70
0x000000851e8ff528:   00000243cb5de740 00000000000003d8
0x000000851e8ff538:   00000243cb465e58 000000000000000b
0x000000851e8ff548:   00007ff99f0ace7a 00000243e28f5ac0
0x000000851e8ff558:   0000000000000014 000000851d5fec80
0x000000851e8ff568:   00000243960d4790 0000001200000010
0x000000851e8ff578:   000000000000000b 0000000153f70f21
0x000000851e8ff588:   0000000000000000 00007ff99f71e038 

Instructions: (pc=0x00007ff99ee7e2b1)
0x00007ff99ee7e1b1:   08 8b 0d d0 1d a8 00 49 d3 e0 4c 03 05 be 1d a8
0x00007ff99ee7e1c1:   00 eb 04 4c 8b 41 08 45 8b 48 08 45 85 c9 7e 0e
0x00007ff99ee7e1d1:   41 f6 c1 01 75 53 41 c1 f9 03 49 63 c1 c3 79 49
0x00007ff99ee7e1e1:   84 c0 41 b8 0c 00 00 00 8b 05 e9 2e a8 00 b9 10
0x00007ff99ee7e1f1:   00 00 00 41 0f 45 c8 ff c8 4c 63 c0 41 8b c1 48
0x00007ff99ee7e201:   c1 f8 10 0f b6 c0 48 63 14 11 41 8b c9 83 e1 3f
0x00007ff99ee7e211:   48 d3 e2 49 8d 0c 10 49 f7 d0 48 03 c1 49 c1 e8
0x00007ff99ee7e221:   03 48 c1 e8 03 49 23 c0 c3 49 8b 00 49 8b c8 48
0x00007ff99ee7e231:   ff a0 00 01 00 00 cc cc cc cc cc cc cc cc cc 4c
0x00007ff99ee7e241:   8b c2 48 8b d1 45 8b 48 08 45 85 c9 7e 0e 41 f6
0x00007ff99ee7e251:   c1 01 75 56 41 c1 f9 03 49 63 c1 c3 79 4c 80 3d
0x00007ff99ee7e261:   54 33 a8 00 00 b8 0c 00 00 00 b9 10 00 00 00 0f
0x00007ff99ee7e271:   45 c8 8b 05 5f 2e a8 00 ff c8 4c 63 c0 41 8b c1
0x00007ff99ee7e281:   48 c1 f8 10 48 63 14 11 41 8b c9 83 e1 3f 0f b6
0x00007ff99ee7e291:   c0 48 d3 e2 49 8d 0c 10 49 f7 d0 48 03 c1 49 c1
0x00007ff99ee7e2a1:   e8 03 48 c1 e8 03 49 23 c0 c3 49 8b 00 49 8b c8
0x00007ff99ee7e2b1:   48 ff a0 00 01 00 00 cc cc cc cc cc cc cc cc 48
0x00007ff99ee7e2c1:   83 ec 28 ba 37 00 00 00 48 8d 0d 88 bb 85 00 e8
0x00007ff99ee7e2d1:   0b 08 14 00 cc cc cc cc cc cc cc cc cc cc cc 40
0x00007ff99ee7e2e1:   53 48 83 ec 20 48 8b d9 49 8b c0 33 c9 45 0f b6
0x00007ff99ee7e2f1:   c1 48 89 0b 48 89 4b 08 48 8b cb 48 89 53 10 48
0x00007ff99ee7e301:   8b d0 e8 a8 09 00 00 48 8b c3 48 83 c4 20 5b c3
0x00007ff99ee7e311:   cc cc cc cc cc cc cc cc cc cc cc cc cc cc cc 40
0x00007ff99ee7e321:   53 48 83 ec 20 33 c0 44 88 41 10 45 0f b6 c1 48
0x00007ff99ee7e331:   89 01 48 89 41 08 48 8b d9 e8 81 0a 00 00 48 8b
0x00007ff99ee7e341:   c3 48 83 c4 20 5b c3 cc cc cc cc cc cc cc cc 40
0x00007ff99ee7e351:   53 48 83 ec 20 33 c0 48 8b d9 48 89 01 48 89 41
0x00007ff99ee7e361:   08 e8 09 0c 00 00 48 8b c3 48 83 c4 20 5b c3 48
0x00007ff99ee7e371:   8b c1 48 8b 09 48 85 c9 74 3c 48 8b 40 08 48 83
0x00007ff99ee7e381:   c0 3f 48 c1 e8 06 48 8d 14 c5 00 00 00 00 48 3b
0x00007ff99ee7e391:   15 3a 39 a8 00 0f 82 54 17 f8 ff 48 8b 05 75 3a
0x00007ff99ee7e3a1:   b0 00 48 ff ca 48 03 d0 48 ff c8 48 f7 d0 48 23 


Stack slot to memory mapping:

stack at sp + 0 slots: 0x00007ff99f096bdb jvm.dll
stack at sp + 1 slots: 0x0000000000000001 is an unknown value
stack at sp + 2 slots: 0x0000000000000002 is an unknown value
stack at sp + 3 slots: 0x00000000e92fc190 is an oop: com.google.common.collect.MapMakerInternalMap$WeakKeyDummyValueEntry$LinkedWeakKeyDummyValueEntry 
{0x00000000e92fc190} - klass: 'com/google/common/collect/MapMakerInternalMap$WeakKeyDummyValueEntry$LinkedWeakKeyDummyValueEntry'
 - ---- fields (total size 5 words):
 - private 'referent' 'Ljava/lang/Object;' @12  "instance"{0x00000000e93a7f80} (0xe93a7f80)
 - volatile 'queue' 'Ljava/lang/ref/ReferenceQueue;' @16  a 'java/lang/ref/ReferenceQueue'{0x00000000e2fbcea8} (0xe2fbcea8)
 - volatile 'next' 'Ljava/lang/ref/Reference;' @20  null (0x00000000)
 - private transient 'discovered' 'Ljava/lang/ref/Reference;' @24  null (0x00000000)
 - final 'hash' 'I' @28  -2033283572 (0x86ce8e0c)
 - private final 'next' 'Lcom/google/common/collect/MapMakerInternalMap$WeakKeyDummyValueEntry;' @32  
[error occurred during error reporting (inspecting top of stack), id 0xc0000005, EXCEPTION_ACCESS_VIOLATION (0xc0000005) at pc=0x00007ff99f3f7bc6]
stack at sp + 4 slots: 0x0 is null
stack at sp + 5 slots: 
[error occurred during error reporting (inspecting top of stack, attempt 2), id 0xc0000005, EXCEPTION_ACCESS_VIOLATION (0xc0000005) at pc=0x00007ff99ee7e2b1]
stack at sp + 6 slots: 0x00007ff99f094f69 jvm.dll
stack at sp + 7 slots: 0x0000000000000009 is an unknown value


---------------  P R O C E S S  ---------------

Threads class SMR info:
_java_thread_list=0x00000243d378f3c0, length=57, elements={
0x0000024394504940, 0x00000243cb125010, 0x00000243cb125b60, 0x00000243cb12f1c0,
0x00000243cb131c20, 0x00000243cb133540, 0x00000243cb134b00, 0x00000243cb136f60,
0x00000243cb13aef0, 0x00000243cb2e7850, 0x00000243cb42e950, 0x00000243cd2c62f0,
0x00000243cd25f380, 0x00000243cd6da830, 0x00000243cd3a0ba0, 0x00000243cd3a18c0,
0x00000243cd3a1230, 0x00000243cd39ead0, 0x00000243cf0f5650, 0x00000243cf0f7db0,
0x00000243cf0f5ce0, 0x00000243cf0f6370, 0x00000243cf0f6a00, 0x00000243cf0f7090,
0x00000243cf0f7720, 0x00000243cf0f8440, 0x00000243cf0f4fc0, 0x00000243cf0faba0,
0x00000243cf0f9e80, 0x00000243cf0fa510, 0x00000243cf0f9160, 0x00000243cf0f8ad0,
0x00000243cf0fb230, 0x00000243cf0fc5e0, 0x00000243d09e4980, 0x00000243d24facd0,
0x00000243d0150f20, 0x00000243b1dd8830, 0x00000243b1ddbcb0, 0x00000243b1dd9550,
0x00000243b1dda900, 0x00000243b1ddc340, 0x00000243b1dd8ec0, 0x00000243b1dde410,
0x00000243b1ddeaa0, 0x00000243b1ddf130, 0x00000243d349f980, 0x00000243b1ddd060,
0x00000243d34a2260, 0x00000243d349ebe0, 0x00000243b1ddc9d0, 0x00000243b1ddd6f0,
0x00000243b1dddd80, 0x00000243d24f9920, 0x00000243d24f9fb0, 0x00000243d24f8c00,
0x00000243d24f9290
}

Java Threads: ( => current thread )
  0x0000024394504940 JavaThread "main"                              [_thread_blocked, id=17712, stack(0x000000851ce00000,0x000000851cf00000) (1024K)]
  0x00000243cb125010 JavaThread "Reference Handler"          daemon [_thread_blocked, id=26208, stack(0x000000851d600000,0x000000851d700000) (1024K)]
  0x00000243cb125b60 JavaThread "Finalizer"                  daemon [_thread_blocked, id=11528, stack(0x000000851d700000,0x000000851d800000) (1024K)]
  0x00000243cb12f1c0 JavaThread "Signal Dispatcher"          daemon [_thread_blocked, id=23516, stack(0x000000851d800000,0x000000851d900000) (1024K)]
  0x00000243cb131c20 JavaThread "Attach Listener"            daemon [_thread_blocked, id=13820, stack(0x000000851d900000,0x000000851da00000) (1024K)]
  0x00000243cb133540 JavaThread "Service Thread"             daemon [_thread_blocked, id=9556, stack(0x000000851da00000,0x000000851db00000) (1024K)]
  0x00000243cb134b00 JavaThread "Monitor Deflation Thread"   daemon [_thread_blocked, id=9996, stack(0x000000851db00000,0x000000851dc00000) (1024K)]
  0x00000243cb136f60 JavaThread "C2 CompilerThread0"         daemon [_thread_blocked, id=1244, stack(0x000000851dc00000,0x000000851dd00000) (1024K)]
  0x00000243cb13aef0 JavaThread "C1 CompilerThread0"         daemon [_thread_blocked, id=17640, stack(0x000000851dd00000,0x000000851de00000) (1024K)]
  0x00000243cb2e7850 JavaThread "Common-Cleaner"             daemon [_thread_blocked, id=36772, stack(0x000000851df00000,0x000000851e000000) (1024K)]
  0x00000243cb42e950 JavaThread "Notification Thread"        daemon [_thread_blocked, id=16012, stack(0x000000851e000000,0x000000851e100000) (1024K)]
  0x00000243cd2c62f0 JavaThread "Daemon health stats"               [_thread_blocked, id=23256, stack(0x000000851eb00000,0x000000851ec00000) (1024K)]
  0x00000243cd25f380 JavaThread "Incoming local TCP Connector on port 60197"        [_thread_in_native, id=36492, stack(0x000000851ec00000,0x000000851ed00000) (1024K)]
  0x00000243cd6da830 JavaThread "Daemon periodic checks"            [_thread_blocked, id=17984, stack(0x000000851f400000,0x000000851f500000) (1024K)]
  0x00000243cd3a0ba0 JavaThread "Cache worker for journal cache (C:\Users\jfune\.gradle\caches\journal-1)"        [_thread_blocked, id=25692, stack(0x000000851fc00000,0x000000851fd00000) (1024K)]
  0x00000243cd3a18c0 JavaThread "File lock request listener"        [_thread_in_native, id=18904, stack(0x000000851fd00000,0x000000851fe00000) (1024K)]
  0x00000243cd3a1230 JavaThread "Cache worker for file hash cache (C:\Users\jfune\.gradle\caches\8.14\fileHashes)"        [_thread_blocked, id=36032, stack(0x000000851fe00000,0x000000851ff00000) (1024K)]
  0x00000243cd39ead0 JavaThread "File watcher server"        daemon [_thread_in_native, id=24716, stack(0x0000008520300000,0x0000008520400000) (1024K)]
  0x00000243cf0f5650 JavaThread "File watcher consumer"      daemon [_thread_blocked, id=20324, stack(0x0000008520400000,0x0000008520500000) (1024K)]
  0x00000243cf0f7db0 JavaThread "jar transforms"                    [_thread_blocked, id=34836, stack(0x0000008520500000,0x0000008520600000) (1024K)]
  0x00000243cf0f5ce0 JavaThread "jar transforms Thread 2"           [_thread_blocked, id=25264, stack(0x0000008520600000,0x0000008520700000) (1024K)]
  0x00000243cf0f6370 JavaThread "jar transforms Thread 3"           [_thread_blocked, id=3892, stack(0x0000008520700000,0x0000008520800000) (1024K)]
  0x00000243cf0f6a00 JavaThread "jar transforms Thread 4"           [_thread_blocked, id=27956, stack(0x0000008520800000,0x0000008520900000) (1024K)]
  0x00000243cf0f7090 JavaThread "jar transforms Thread 5"           [_thread_blocked, id=28136, stack(0x0000008520900000,0x0000008520a00000) (1024K)]
  0x00000243cf0f7720 JavaThread "jar transforms Thread 6"           [_thread_blocked, id=8432, stack(0x0000008520a00000,0x0000008520b00000) (1024K)]
  0x00000243cf0f8440 JavaThread "jar transforms Thread 7"           [_thread_blocked, id=14404, stack(0x0000008520b00000,0x0000008520c00000) (1024K)]
  0x00000243cf0f4fc0 JavaThread "jar transforms Thread 8"           [_thread_blocked, id=8540, stack(0x0000008520c00000,0x0000008520d00000) (1024K)]
  0x00000243cf0faba0 JavaThread "jar transforms Thread 9"           [_thread_blocked, id=2788, stack(0x0000008520d00000,0x0000008520e00000) (1024K)]
  0x00000243cf0f9e80 JavaThread "jar transforms Thread 10"          [_thread_blocked, id=36404, stack(0x0000008520e00000,0x0000008520f00000) (1024K)]
  0x00000243cf0fa510 JavaThread "jar transforms Thread 11"          [_thread_blocked, id=31640, stack(0x0000008520f00000,0x0000008521000000) (1024K)]
  0x00000243cf0f9160 JavaThread "jar transforms Thread 12"          [_thread_blocked, id=14588, stack(0x0000008521000000,0x0000008521100000) (1024K)]
  0x00000243cf0f8ad0 JavaThread "jar transforms Thread 13"          [_thread_blocked, id=28504, stack(0x0000008521100000,0x0000008521200000) (1024K)]
  0x00000243cf0fb230 JavaThread "jar transforms Thread 14"          [_thread_blocked, id=15740, stack(0x0000008521200000,0x0000008521300000) (1024K)]
  0x00000243cf0fc5e0 JavaThread "Cache worker for file content cache (C:\Users\jfune\.gradle\caches\8.14\fileContent)"        [_thread_blocked, id=35648, stack(0x0000008521500000,0x0000008521600000) (1024K)]
  0x00000243d09e4980 JavaThread "jar transforms Thread 15"          [_thread_blocked, id=24996, stack(0x0000008521600000,0x0000008521700000) (1024K)]
  0x00000243d24facd0 JavaThread "jar transforms Thread 16"          [_thread_blocked, id=27156, stack(0x0000008522100000,0x0000008522200000) (1024K)]
  0x00000243d0150f20 JavaThread "Memory manager"                    [_thread_blocked, id=31472, stack(0x0000008522200000,0x0000008522300000) (1024K)]
  0x00000243b1dd8830 JavaThread "Daemon Thread 2"                   [_thread_blocked, id=15768, stack(0x000000851cb00000,0x000000851cc00000) (1024K)]
  0x00000243b1ddbcb0 JavaThread "Handler for socket connection from /127.0.0.1:60197 to /127.0.0.1:57109"        [_thread_in_native, id=11680, stack(0x000000851cc00000,0x000000851cd00000) (1024K)]
  0x00000243b1dd9550 JavaThread "Cancel handler"                    [_thread_blocked, id=15276, stack(0x000000851cd00000,0x000000851ce00000) (1024K)]
  0x00000243b1dda900 JavaThread "Daemon worker Thread 2"            [_thread_blocked, id=33512, stack(0x000000851de00000,0x000000851df00000) (1024K)]
  0x00000243b1ddc340 JavaThread "Asynchronous log dispatcher for DefaultDaemonConnection: socket connection from /127.0.0.1:60197 to /127.0.0.1:57109"        [_thread_blocked, id=18004, stack(0x000000851e100000,0x000000851e200000) (1024K)]
  0x00000243b1dd8ec0 JavaThread "Stdin handler"                     [_thread_blocked, id=25084, stack(0x000000851e200000,0x000000851e300000) (1024K)]
  0x00000243b1dde410 JavaThread "Daemon client event forwarder"        [_thread_blocked, id=38308, stack(0x000000851e300000,0x000000851e400000) (1024K)]
  0x00000243b1ddeaa0 JavaThread "Cache worker for file hash cache (D:\Facultad\Tercero\Desarrollo de Software\TP_Programacion_Funcional\funcional\.gradle\8.14\fileHashes)"        [_thread_blocked, id=11660, stack(0x000000851e900000,0x000000851ea00000) (1024K)]
  0x00000243b1ddf130 JavaThread "Cache worker for Build Output Cleanup Cache (D:\Facultad\Tercero\Desarrollo de Software\TP_Programacion_Funcional\funcional\.gradle\buildOutputCleanup)"        [_thread_blocked, id=17896, stack(0x000000851ea00000,0x000000851eb00000) (1024K)]
  0x00000243d349f980 JavaThread "C2 CompilerThread1"         daemon [_thread_blocked, id=35796, stack(0x000000851f500000,0x000000851f600000) (1024K)]
  0x00000243b1ddd060 JavaThread "Cache worker for checksums cache (D:\Facultad\Tercero\Desarrollo de Software\TP_Programacion_Funcional\funcional\.gradle\8.14\checksums)"        [_thread_blocked, id=300, stack(0x000000851f700000,0x000000851f800000) (1024K)]
  0x00000243d34a2260 JavaThread "C1 CompilerThread1"         daemon [_thread_blocked, id=2740, stack(0x0000008520200000,0x0000008520300000) (1024K)]
  0x00000243d349ebe0 JavaThread "C1 CompilerThread2"         daemon [_thread_blocked, id=13980, stack(0x0000008521300000,0x0000008521400000) (1024K)]
  0x00000243b1ddc9d0 JavaThread "Cache worker for cache directory md-supplier (C:\Users\jfune\.gradle\caches\8.14\md-supplier)"        [_thread_blocked, id=17148, stack(0x0000008521400000,0x0000008521500000) (1024K)]
  0x00000243b1ddd6f0 JavaThread "Cache worker for cache directory md-rule (C:\Users\jfune\.gradle\caches\8.14\md-rule)"        [_thread_blocked, id=860, stack(0x0000008521700000,0x0000008521800000) (1024K)]
  0x00000243b1dddd80 JavaThread "Unconstrained build operations"        [_thread_blocked, id=3416, stack(0x000000851f600000,0x000000851f700000) (1024K)]
  0x00000243d24f9920 JavaThread "Unconstrained build operations Thread 2"        [_thread_blocked, id=30196, stack(0x000000851f800000,0x000000851f900000) (1024K)]
  0x00000243d24f9fb0 JavaThread "Unconstrained build operations Thread 3"        [_thread_blocked, id=11324, stack(0x000000851f900000,0x000000851fa00000) (1024K)]
  0x00000243d24f8c00 JavaThread "Unconstrained build operations Thread 4"        [_thread_blocked, id=26220, stack(0x000000851fa00000,0x000000851fb00000) (1024K)]
  0x00000243d24f9290 JavaThread "Unconstrained build operations Thread 5"        [_thread_blocked, id=29544, stack(0x000000851fb00000,0x000000851fc00000) (1024K)]
Total: 57

Other Threads:
  0x00000243b1efa050 VMThread "VM Thread"                           [id=22244, stack(0x000000851d500000,0x000000851d600000) (1024K)]
  0x00000243b1ee9ae0 WatcherThread "VM Periodic Task Thread"        [id=24448, stack(0x000000851d400000,0x000000851d500000) (1024K)]
  0x00000243960f84c0 WorkerThread "GC Thread#0"                     [id=27456, stack(0x000000851cf00000,0x000000851d000000) (1024K)]
  0x00000243cb6b9da0 WorkerThread "GC Thread#1"                     [id=25368, stack(0x000000851e400000,0x000000851e500000) (1024K)]
  0x00000243cb6ece10 WorkerThread "GC Thread#2"                     [id=14552, stack(0x000000851e500000,0x000000851e600000) (1024K)]
  0x00000243cb6cc7d0 WorkerThread "GC Thread#3"                     [id=18060, stack(0x000000851e600000,0x000000851e700000) (1024K)]
  0x00000243cb6cd390 WorkerThread "GC Thread#4"                     [id=33452, stack(0x000000851e700000,0x000000851e800000) (1024K)]
=>0x00000243cb6cd730 WorkerThread "GC Thread#5"                     [id=15328, stack(0x000000851e800000,0x000000851e900000) (1024K)]
  0x00000243cd58b8d0 WorkerThread "GC Thread#6"                     [id=22376, stack(0x000000851ed00000,0x000000851ee00000) (1024K)]
  0x00000243cd27f8c0 WorkerThread "GC Thread#7"                     [id=22256, stack(0x000000851ee00000,0x000000851ef00000) (1024K)]
  0x00000243cd459c40 WorkerThread "GC Thread#8"                     [id=18856, stack(0x000000851ef00000,0x000000851f000000) (1024K)]
  0x00000243cd631d50 WorkerThread "GC Thread#9"                     [id=36300, stack(0x000000851f000000,0x000000851f100000) (1024K)]
  0x00000243cd631610 WorkerThread "GC Thread#10"                    [id=9884, stack(0x000000851f100000,0x000000851f200000) (1024K)]
  0x00000243cd6319b0 WorkerThread "GC Thread#11"                    [id=16388, stack(0x000000851f200000,0x000000851f300000) (1024K)]
  0x00000243cd6303f0 WorkerThread "GC Thread#12"                    [id=31008, stack(0x000000851f300000,0x000000851f400000) (1024K)]
  0x00000243960ff640 ConcurrentGCThread "G1 Main Marker"            [id=15184, stack(0x000000851d000000,0x000000851d100000) (1024K)]
  0x0000024396100050 WorkerThread "G1 Conc#0"                       [id=32712, stack(0x000000851d100000,0x000000851d200000) (1024K)]
  0x00000243cf22a970 WorkerThread "G1 Conc#1"                       [id=5816, stack(0x000000851ff00000,0x0000008520000000) (1024K)]
  0x00000243cf229010 WorkerThread "G1 Conc#2"                       [id=23972, stack(0x0000008520000000,0x0000008520100000) (1024K)]
  0x00000243b1db86b0 ConcurrentGCThread "G1 Refine#0"               [id=17848, stack(0x000000851d200000,0x000000851d300000) (1024K)]
  0x00000243b1db8ed0 ConcurrentGCThread "G1 Service"                [id=25700, stack(0x000000851d300000,0x000000851d400000) (1024K)]
Total: 21

Threads with active compile tasks:
Total: 0

VM state: at safepoint (normal execution)

VM Mutex/Monitor currently owned by a thread:  ([mutex/lock_event])
[0x00007ff99f980e50] Threads_lock - owner thread: 0x00000243b1efa050
[0x00007ff99f980f50] Heap_lock - owner thread: 0x00000243b1dda900

Heap address: 0x00000000e0000000, size: 512 MB, Compressed Oops mode: 32-bit

CDS archive(s) mapped at: [0x00000243b2000000-0x00000243b2c90000-0x00000243b2c90000), size 13172736, SharedBaseAddress: 0x00000243b2000000, ArchiveRelocationMode: 1.
Compressed class space mapped at: 0x00000243b3000000-0x00000243c7000000, reserved size: 335544320
Narrow klass base: 0x00000243b2000000, Narrow klass shift: 0, Narrow klass range: 0x100000000

GC Precious Log:
 CardTable entry size: 512
 Card Set container configuration: InlinePtr #cards 5 size 8 Array Of Cards #cards 12 size 40 Howl #buckets 4 coarsen threshold 1843 Howl Bitmap #cards 512 size 80 coarsen threshold 460 Card regions per heap region 1 cards per card region 2048
 CPUs: 16 total, 16 available
 Memory: 16293M
 Large Page Support: Disabled
 NUMA Support: Disabled
 Compressed Oops: Enabled (32-bit)
 Heap Region Size: 1M
 Heap Min Capacity: 256M
 Heap Initial Capacity: 256M
 Heap Max Capacity: 512M
 Pre-touch: Disabled
 Parallel Workers: 13
 Concurrent Workers: 3
 Concurrent Refinement Workers: 13
 Periodic GC: Disabled

Heap:
 garbage-first heap   total 271360K, used 243383K [0x00000000e0000000, 0x0000000100000000)
  region size 1024K, 101 young (103424K), 12 survivors (12288K)
 Metaspace       used 136937K, committed 139776K, reserved 458752K
  class space    used 18182K, committed 19648K, reserved 327680K

Heap Regions: E=young(eden), S=young(survivor), O=old, HS=humongous(starts), HC=humongous(continues), CS=collection set, F=free, TAMS=top-at-mark-start, PB=parsable bottom
|   0|0x00000000e0000000, 0x00000000e0100000, 0x00000000e0100000|100%|HS|  |TAMS 0x00000000e0000000| PB 0x00000000e0000000| Complete 
|   1|0x00000000e0100000, 0x00000000e0200000, 0x00000000e0200000|100%|HC|  |TAMS 0x00000000e0100000| PB 0x00000000e0100000| Complete 
|   2|0x00000000e0200000, 0x00000000e0300000, 0x00000000e0300000|100%|HC|  |TAMS 0x00000000e0200000| PB 0x00000000e0200000| Complete 
|   3|0x00000000e0300000, 0x00000000e0400000, 0x00000000e0400000|100%| O|  |TAMS 0x00000000e0300000| PB 0x00000000e0300000| Untracked 
|   4|0x00000000e0400000, 0x00000000e0500000, 0x00000000e0500000|100%| O|  |TAMS 0x00000000e0400000| PB 0x00000000e0400000| Untracked 
|   5|0x00000000e0500000, 0x00000000e0600000, 0x00000000e0600000|100%| O|  |TAMS 0x00000000e0500000| PB 0x00000000e0500000| Untracked 
|   6|0x00000000e0600000, 0x00000000e0700000, 0x00000000e0700000|100%|HS|  |TAMS 0x00000000e0600000| PB 0x00000000e0600000| Complete 
|   7|0x00000000e0700000, 0x00000000e0800000, 0x00000000e0800000|100%|HS|  |TAMS 0x00000000e0700000| PB 0x00000000e0700000| Complete 
|   8|0x00000000e0800000, 0x00000000e0900000, 0x00000000e0900000|100%| O|  |TAMS 0x00000000e0800000| PB 0x00000000e0800000| Untracked 
|   9|0x00000000e0900000, 0x00000000e0a00000, 0x00000000e0a00000|100%| O|  |TAMS 0x00000000e0900000| PB 0x00000000e0900000| Untracked 
|  10|0x00000000e0a00000, 0x00000000e0b00000, 0x00000000e0b00000|100%| O|  |TAMS 0x00000000e0a00000| PB 0x00000000e0a00000| Untracked 
|  11|0x00000000e0b00000, 0x00000000e0c00000, 0x00000000e0c00000|100%|HS|  |TAMS 0x00000000e0b00000| PB 0x00000000e0b00000| Complete 
|  12|0x00000000e0c00000, 0x00000000e0d00000, 0x00000000e0d00000|100%|HC|  |TAMS 0x00000000e0c00000| PB 0x00000000e0c00000| Complete 
|  13|0x00000000e0d00000, 0x00000000e0e00000, 0x00000000e0e00000|100%|HC|  |TAMS 0x00000000e0d00000| PB 0x00000000e0d00000| Complete 
|  14|0x00000000e0e00000, 0x00000000e0f00000, 0x00000000e0f00000|100%|HC|  |TAMS 0x00000000e0e00000| PB 0x00000000e0e00000| Complete 
|  15|0x00000000e0f00000, 0x00000000e1000000, 0x00000000e1000000|100%|HC|  |TAMS 0x00000000e0f00000| PB 0x00000000e0f00000| Complete 
|  16|0x00000000e1000000, 0x00000000e1100000, 0x00000000e1100000|100%|HC|  |TAMS 0x00000000e1000000| PB 0x00000000e1000000| Complete 
|  17|0x00000000e1100000, 0x00000000e1200000, 0x00000000e1200000|100%|HS|  |TAMS 0x00000000e1100000| PB 0x00000000e1100000| Complete 
|  18|0x00000000e1200000, 0x00000000e1300000, 0x00000000e1300000|100%|HC|  |TAMS 0x00000000e1200000| PB 0x00000000e1200000| Complete 
|  19|0x00000000e1300000, 0x00000000e1400000, 0x00000000e1400000|100%|HS|  |TAMS 0x00000000e1300000| PB 0x00000000e1300000| Complete 
|  20|0x00000000e1400000, 0x00000000e1500000, 0x00000000e1500000|100%|HS|  |TAMS 0x00000000e1400000| PB 0x00000000e1400000| Complete 
|  21|0x00000000e1500000, 0x00000000e1600000, 0x00000000e1600000|100%|HC|  |TAMS 0x00000000e1500000| PB 0x00000000e1500000| Complete 
|  22|0x00000000e1600000, 0x00000000e1700000, 0x00000000e1700000|100%|HC|  |TAMS 0x00000000e1600000| PB 0x00000000e1600000| Complete 
|  23|0x00000000e1700000, 0x00000000e1800000, 0x00000000e1800000|100%|HS|  |TAMS 0x00000000e1700000| PB 0x00000000e1700000| Complete 
|  24|0x00000000e1800000, 0x00000000e1900000, 0x00000000e1900000|100%|HC|  |TAMS 0x00000000e1800000| PB 0x00000000e1800000| Complete 
|  25|0x00000000e1900000, 0x00000000e1a00000, 0x00000000e1a00000|100%|HC|  |TAMS 0x00000000e1900000| PB 0x00000000e1900000| Complete 
|  26|0x00000000e1a00000, 0x00000000e1b00000, 0x00000000e1b00000|100%|HC|  |TAMS 0x00000000e1a00000| PB 0x00000000e1a00000| Complete 
|  27|0x00000000e1b00000, 0x00000000e1c00000, 0x00000000e1c00000|100%|HC|  |TAMS 0x00000000e1b00000| PB 0x00000000e1b00000| Complete 
|  28|0x00000000e1c00000, 0x00000000e1d00000, 0x00000000e1d00000|100%|HC|  |TAMS 0x00000000e1c00000| PB 0x00000000e1c00000| Complete 
|  29|0x00000000e1d00000, 0x00000000e1e00000, 0x00000000e1e00000|100%|HS|  |TAMS 0x00000000e1d00000| PB 0x00000000e1d00000| Complete 
|  30|0x00000000e1e00000, 0x00000000e1f00000, 0x00000000e1f00000|100%|HS|  |TAMS 0x00000000e1e00000| PB 0x00000000e1e00000| Complete 
|  31|0x00000000e1f00000, 0x00000000e2000000, 0x00000000e2000000|100%|HC|  |TAMS 0x00000000e1f00000| PB 0x00000000e1f00000| Complete 
|  32|0x00000000e2000000, 0x00000000e2100000, 0x00000000e2100000|100%|HS|  |TAMS 0x00000000e2000000| PB 0x00000000e2000000| Complete 
|  33|0x00000000e2100000, 0x00000000e2200000, 0x00000000e2200000|100%|HS|  |TAMS 0x00000000e2100000| PB 0x00000000e2100000| Complete 
|  34|0x00000000e2200000, 0x00000000e2300000, 0x00000000e2300000|100%|HC|  |TAMS 0x00000000e2200000| PB 0x00000000e2200000| Complete 
|  35|0x00000000e2300000, 0x00000000e2400000, 0x00000000e2400000|100%|HC|  |TAMS 0x00000000e2300000| PB 0x00000000e2300000| Complete 
|  36|0x00000000e2400000, 0x00000000e2500000, 0x00000000e2500000|100%| O|  |TAMS 0x00000000e2400000| PB 0x00000000e2400000| Untracked 
|  37|0x00000000e2500000, 0x00000000e2600000, 0x00000000e2600000|100%| O|  |TAMS 0x00000000e2500000| PB 0x00000000e2500000| Untracked 
|  38|0x00000000e2600000, 0x00000000e2700000, 0x00000000e2700000|100%| O|  |TAMS 0x00000000e2600000| PB 0x00000000e2600000| Untracked 
|  39|0x00000000e2700000, 0x00000000e2800000, 0x00000000e2800000|100%| O|  |TAMS 0x00000000e2700000| PB 0x00000000e2700000| Untracked 
|  40|0x00000000e2800000, 0x00000000e2900000, 0x00000000e2900000|100%| O|  |TAMS 0x00000000e2800000| PB 0x00000000e2800000| Untracked 
|  41|0x00000000e2900000, 0x00000000e2a00000, 0x00000000e2a00000|100%| O|  |TAMS 0x00000000e2900000| PB 0x00000000e2900000| Untracked 
|  42|0x00000000e2a00000, 0x00000000e2b00000, 0x00000000e2b00000|100%| O|  |TAMS 0x00000000e2a00000| PB 0x00000000e2a00000| Untracked 
|  43|0x00000000e2b00000, 0x00000000e2c00000, 0x00000000e2c00000|100%| O|  |TAMS 0x00000000e2b00000| PB 0x00000000e2b00000| Untracked 
|  44|0x00000000e2c00000, 0x00000000e2d00000, 0x00000000e2d00000|100%| O|  |TAMS 0x00000000e2c00000| PB 0x00000000e2c00000| Untracked 
|  45|0x00000000e2d00000, 0x00000000e2e00000, 0x00000000e2e00000|100%|HS|  |TAMS 0x00000000e2d00000| PB 0x00000000e2d00000| Complete 
|  46|0x00000000e2e00000, 0x00000000e2f00000, 0x00000000e2f00000|100%|HC|  |TAMS 0x00000000e2e00000| PB 0x00000000e2e00000| Complete 
|  47|0x00000000e2f00000, 0x00000000e3000000, 0x00000000e3000000|100%| O|  |TAMS 0x00000000e2f00000| PB 0x00000000e2f00000| Untracked 
|  48|0x00000000e3000000, 0x00000000e3100000, 0x00000000e3100000|100%| O|  |TAMS 0x00000000e3000000| PB 0x00000000e3000000| Untracked 
|  49|0x00000000e3100000, 0x00000000e3200000, 0x00000000e3200000|100%| O|  |TAMS 0x00000000e3100000| PB 0x00000000e3100000| Untracked 
|  50|0x00000000e3200000, 0x00000000e3300000, 0x00000000e3300000|100%| O|  |TAMS 0x00000000e3200000| PB 0x00000000e3200000| Untracked 
|  51|0x00000000e3300000, 0x00000000e3400000, 0x00000000e3400000|100%| O|  |TAMS 0x00000000e3300000| PB 0x00000000e3300000| Untracked 
|  52|0x00000000e3400000, 0x00000000e3500000, 0x00000000e3500000|100%| O|  |TAMS 0x00000000e3400000| PB 0x00000000e3400000| Untracked 
|  53|0x00000000e3500000, 0x00000000e3600000, 0x00000000e3600000|100%| O|  |TAMS 0x00000000e3500000| PB 0x00000000e3500000| Untracked 
|  54|0x00000000e3600000, 0x00000000e3700000, 0x00000000e3700000|100%| O|  |TAMS 0x00000000e3600000| PB 0x00000000e3600000| Untracked 
|  55|0x00000000e3700000, 0x00000000e3800000, 0x00000000e3800000|100%| O|  |TAMS 0x00000000e3700000| PB 0x00000000e3700000| Untracked 
|  56|0x00000000e3800000, 0x00000000e3900000, 0x00000000e3900000|100%| O|  |TAMS 0x00000000e3800000| PB 0x00000000e3800000| Untracked 
|  57|0x00000000e3900000, 0x00000000e3a00000, 0x00000000e3a00000|100%| O|  |TAMS 0x00000000e3900000| PB 0x00000000e3900000| Untracked 
|  58|0x00000000e3a00000, 0x00000000e3b00000, 0x00000000e3b00000|100%| O|  |TAMS 0x00000000e3a00000| PB 0x00000000e3a00000| Untracked 
|  59|0x00000000e3b00000, 0x00000000e3c00000, 0x00000000e3c00000|100%| O|  |TAMS 0x00000000e3b00000| PB 0x00000000e3b00000| Untracked 
|  60|0x00000000e3c00000, 0x00000000e3d00000, 0x00000000e3d00000|100%| O|  |TAMS 0x00000000e3c00000| PB 0x00000000e3c00000| Untracked 
|  61|0x00000000e3d00000, 0x00000000e3e00000, 0x00000000e3e00000|100%|HS|  |TAMS 0x00000000e3d00000| PB 0x00000000e3d00000| Complete 
|  62|0x00000000e3e00000, 0x00000000e3f00000, 0x00000000e3f00000|100%|HC|  |TAMS 0x00000000e3e00000| PB 0x00000000e3e00000| Complete 
|  63|0x00000000e3f00000, 0x00000000e4000000, 0x00000000e4000000|100%|HC|  |TAMS 0x00000000e3f00000| PB 0x00000000e3f00000| Complete 
|  64|0x00000000e4000000, 0x00000000e4100000, 0x00000000e4100000|100%|HC|  |TAMS 0x00000000e4000000| PB 0x00000000e4000000| Complete 
|  65|0x00000000e4100000, 0x00000000e4200000, 0x00000000e4200000|100%|HC|  |TAMS 0x00000000e4100000| PB 0x00000000e4100000| Complete 
|  66|0x00000000e4200000, 0x00000000e4300000, 0x00000000e4300000|100%|HC|  |TAMS 0x00000000e4200000| PB 0x00000000e4200000| Complete 
|  67|0x00000000e4300000, 0x00000000e4400000, 0x00000000e4400000|100%|HS|  |TAMS 0x00000000e4300000| PB 0x00000000e4300000| Complete 
|  68|0x00000000e4400000, 0x00000000e4500000, 0x00000000e4500000|100%|HS|  |TAMS 0x00000000e4400000| PB 0x00000000e4400000| Complete 
|  69|0x00000000e4500000, 0x00000000e4600000, 0x00000000e4600000|100%|HC|  |TAMS 0x00000000e4500000| PB 0x00000000e4500000| Complete 
|  70|0x00000000e4600000, 0x00000000e4700000, 0x00000000e4700000|100%|HC|  |TAMS 0x00000000e4600000| PB 0x00000000e4600000| Complete 
|  71|0x00000000e4700000, 0x00000000e4800000, 0x00000000e4800000|100%|HC|  |TAMS 0x00000000e4700000| PB 0x00000000e4700000| Complete 
|  72|0x00000000e4800000, 0x00000000e4900000, 0x00000000e4900000|100%|HC|  |TAMS 0x00000000e4800000| PB 0x00000000e4800000| Complete 
|  73|0x00000000e4900000, 0x00000000e4a00000, 0x00000000e4a00000|100%|HC|  |TAMS 0x00000000e4900000| PB 0x00000000e4900000| Complete 
|  74|0x00000000e4a00000, 0x00000000e4b00000, 0x00000000e4b00000|100%|HS|  |TAMS 0x00000000e4a00000| PB 0x00000000e4a00000| Complete 
|  75|0x00000000e4b00000, 0x00000000e4c00000, 0x00000000e4c00000|100%| O|  |TAMS 0x00000000e4b00000| PB 0x00000000e4b00000| Untracked 
|  76|0x00000000e4c00000, 0x00000000e4d00000, 0x00000000e4d00000|100%| O|  |TAMS 0x00000000e4c00000| PB 0x00000000e4c00000| Untracked 
|  77|0x00000000e4d00000, 0x00000000e4e00000, 0x00000000e4e00000|100%| O|  |TAMS 0x00000000e4d00000| PB 0x00000000e4d00000| Untracked 
|  78|0x00000000e4e00000, 0x00000000e4f00000, 0x00000000e4f00000|100%| O|  |TAMS 0x00000000e4e00000| PB 0x00000000e4e00000| Untracked 
|  79|0x00000000e4f00000, 0x00000000e5000000, 0x00000000e5000000|100%| O|  |TAMS 0x00000000e4f00000| PB 0x00000000e4f00000| Untracked 
|  80|0x00000000e5000000, 0x00000000e5100000, 0x00000000e5100000|100%| O|  |TAMS 0x00000000e5000000| PB 0x00000000e5000000| Untracked 
|  81|0x00000000e5100000, 0x00000000e5200000, 0x00000000e5200000|100%| O|  |TAMS 0x00000000e5100000| PB 0x00000000e5100000| Untracked 
|  82|0x00000000e5200000, 0x00000000e5300000, 0x00000000e5300000|100%| O|  |TAMS 0x00000000e5200000| PB 0x00000000e5200000| Untracked 
|  83|0x00000000e5300000, 0x00000000e5400000, 0x00000000e5400000|100%| O|  |TAMS 0x00000000e5300000| PB 0x00000000e5300000| Untracked 
|  84|0x00000000e5400000, 0x00000000e5500000, 0x00000000e5500000|100%| O|  |TAMS 0x00000000e5400000| PB 0x00000000e5400000| Untracked 
|  85|0x00000000e5500000, 0x00000000e5600000, 0x00000000e5600000|100%| O|  |TAMS 0x00000000e5500000| PB 0x00000000e5500000| Untracked 
|  86|0x00000000e5600000, 0x00000000e5700000, 0x00000000e5700000|100%| O|  |TAMS 0x00000000e5600000| PB 0x00000000e5600000| Untracked 
|  87|0x00000000e5700000, 0x00000000e5800000, 0x00000000e5800000|100%| O|  |TAMS 0x00000000e5700000| PB 0x00000000e5700000| Untracked 
|  88|0x00000000e5800000, 0x00000000e5900000, 0x00000000e5900000|100%| O|  |TAMS 0x00000000e5800000| PB 0x00000000e5800000| Untracked 
|  89|0x00000000e5900000, 0x00000000e5a00000, 0x00000000e5a00000|100%| O|  |TAMS 0x00000000e5900000| PB 0x00000000e5900000| Untracked 
|  90|0x00000000e5a00000, 0x00000000e5b00000, 0x00000000e5b00000|100%| O|  |TAMS 0x00000000e5a00000| PB 0x00000000e5a00000| Untracked 
|  91|0x00000000e5b00000, 0x00000000e5c00000, 0x00000000e5c00000|100%| O|  |TAMS 0x00000000e5b00000| PB 0x00000000e5b00000| Untracked 
|  92|0x00000000e5c00000, 0x00000000e5d00000, 0x00000000e5d00000|100%| O|  |TAMS 0x00000000e5c00000| PB 0x00000000e5c00000| Untracked 
|  93|0x00000000e5d00000, 0x00000000e5e00000, 0x00000000e5e00000|100%| O|  |TAMS 0x00000000e5d00000| PB 0x00000000e5d00000| Untracked 
|  94|0x00000000e5e00000, 0x00000000e5f00000, 0x00000000e5f00000|100%| O|  |TAMS 0x00000000e5e00000| PB 0x00000000e5e00000| Untracked 
|  95|0x00000000e5f00000, 0x00000000e6000000, 0x00000000e6000000|100%| O|  |TAMS 0x00000000e5f00000| PB 0x00000000e5f00000| Untracked 
|  96|0x00000000e6000000, 0x00000000e6100000, 0x00000000e6100000|100%| O|  |TAMS 0x00000000e6000000| PB 0x00000000e6000000| Untracked 
|  97|0x00000000e6100000, 0x00000000e6200000, 0x00000000e6200000|100%| O|  |TAMS 0x00000000e6100000| PB 0x00000000e6100000| Untracked 
|  98|0x00000000e6200000, 0x00000000e6300000, 0x00000000e6300000|100%| O|  |TAMS 0x00000000e6200000| PB 0x00000000e6200000| Untracked 
|  99|0x00000000e6300000, 0x00000000e6400000, 0x00000000e6400000|100%| O|  |TAMS 0x00000000e6300000| PB 0x00000000e6300000| Untracked 
| 100|0x00000000e6400000, 0x00000000e6500000, 0x00000000e6500000|100%| O|CS|TAMS 0x00000000e6400000| PB 0x00000000e6400000| Complete 
| 101|0x00000000e6500000, 0x00000000e6600000, 0x00000000e6600000|100%| O|  |TAMS 0x00000000e6500000| PB 0x00000000e6500000| Untracked 
| 102|0x00000000e6600000, 0x00000000e6700000, 0x00000000e6700000|100%| O|  |TAMS 0x00000000e6600000| PB 0x00000000e6600000| Untracked 
| 103|0x00000000e6700000, 0x00000000e6800000, 0x00000000e6800000|100%| O|  |TAMS 0x00000000e6700000| PB 0x00000000e6700000| Untracked 
| 104|0x00000000e6800000, 0x00000000e6900000, 0x00000000e6900000|100%| O|  |TAMS 0x00000000e6800000| PB 0x00000000e6800000| Untracked 
| 105|0x00000000e6900000, 0x00000000e6a00000, 0x00000000e6a00000|100%| O|  |TAMS 0x00000000e6900000| PB 0x00000000e6900000| Untracked 
| 106|0x00000000e6a00000, 0x00000000e6b00000, 0x00000000e6b00000|100%| O|  |TAMS 0x00000000e6a00000| PB 0x00000000e6a00000| Untracked 
| 107|0x00000000e6b00000, 0x00000000e6c00000, 0x00000000e6c00000|100%| O|  |TAMS 0x00000000e6b00000| PB 0x00000000e6b00000| Untracked 
| 108|0x00000000e6c00000, 0x00000000e6d00000, 0x00000000e6d00000|100%| O|CS|TAMS 0x00000000e6c00000| PB 0x00000000e6c00000| Complete 
| 109|0x00000000e6d00000, 0x00000000e6e00000, 0x00000000e6e00000|100%| O|  |TAMS 0x00000000e6d00000| PB 0x00000000e6d00000| Untracked 
| 110|0x00000000e6e00000, 0x00000000e6f00000, 0x00000000e6f00000|100%| O|  |TAMS 0x00000000e6e00000| PB 0x00000000e6e00000| Untracked 
| 111|0x00000000e6f00000, 0x00000000e7000000, 0x00000000e7000000|100%| O|  |TAMS 0x00000000e6f00000| PB 0x00000000e6f00000| Untracked 
| 112|0x00000000e7000000, 0x00000000e7100000, 0x00000000e7100000|100%| O|  |TAMS 0x00000000e7000000| PB 0x00000000e7000000| Untracked 
| 113|0x00000000e7100000, 0x00000000e7200000, 0x00000000e7200000|100%| O|  |TAMS 0x00000000e7100000| PB 0x00000000e7100000| Untracked 
| 114|0x00000000e7200000, 0x00000000e7300000, 0x00000000e7300000|100%| O|  |TAMS 0x00000000e7200000| PB 0x00000000e7200000| Untracked 
| 115|0x00000000e7300000, 0x00000000e7400000, 0x00000000e7400000|100%| O|  |TAMS 0x00000000e7300000| PB 0x00000000e7300000| Untracked 
| 116|0x00000000e7400000, 0x00000000e7500000, 0x00000000e7500000|100%| O|  |TAMS 0x00000000e7400000| PB 0x00000000e7400000| Untracked 
| 117|0x00000000e7500000, 0x00000000e7600000, 0x00000000e7600000|100%| O|  |TAMS 0x00000000e7500000| PB 0x00000000e7500000| Untracked 
| 118|0x00000000e7600000, 0x00000000e7700000, 0x00000000e7700000|100%| O|  |TAMS 0x00000000e7600000| PB 0x00000000e7600000| Untracked 
| 119|0x00000000e7700000, 0x00000000e7800000, 0x00000000e7800000|100%| O|  |TAMS 0x00000000e7700000| PB 0x00000000e7700000| Untracked 
| 120|0x00000000e7800000, 0x00000000e7900000, 0x00000000e7900000|100%| O|  |TAMS 0x00000000e7800000| PB 0x00000000e7800000| Untracked 
| 121|0x00000000e7900000, 0x00000000e7a00000, 0x00000000e7a00000|100%| O|  |TAMS 0x00000000e7900000| PB 0x00000000e7900000| Untracked 
| 122|0x00000000e7a00000, 0x00000000e7b00000, 0x00000000e7b00000|100%| O|  |TAMS 0x00000000e7a00000| PB 0x00000000e7a00000| Untracked 
| 123|0x00000000e7b00000, 0x00000000e7c00000, 0x00000000e7c00000|100%| O|  |TAMS 0x00000000e7b00000| PB 0x00000000e7b00000| Untracked 
| 124|0x00000000e7c00000, 0x00000000e7d00000, 0x00000000e7d00000|100%| O|  |TAMS 0x00000000e7c00000| PB 0x00000000e7c00000| Untracked 
| 125|0x00000000e7d00000, 0x00000000e7e00000, 0x00000000e7e00000|100%|HS|  |TAMS 0x00000000e7d00000| PB 0x00000000e7d00000| Complete 
| 126|0x00000000e7e00000, 0x00000000e7f00000, 0x00000000e7f00000|100%|HC|  |TAMS 0x00000000e7e00000| PB 0x00000000e7e00000| Complete 
| 127|0x00000000e7f00000, 0x00000000e8000000, 0x00000000e8000000|100%| O|  |TAMS 0x00000000e7f00000| PB 0x00000000e7f00000| Untracked 
| 128|0x00000000e8000000, 0x00000000e8100000, 0x00000000e8100000|100%| O|  |TAMS 0x00000000e8000000| PB 0x00000000e8000000| Untracked 
| 129|0x00000000e8100000, 0x00000000e8200000, 0x00000000e8200000|100%| O|  |TAMS 0x00000000e8100000| PB 0x00000000e8100000| Untracked 
| 130|0x00000000e8200000, 0x00000000e8300000, 0x00000000e8300000|100%| O|  |TAMS 0x00000000e8200000| PB 0x00000000e8200000| Untracked 
| 131|0x00000000e8300000, 0x00000000e8400000, 0x00000000e8400000|100%| O|  |TAMS 0x00000000e8300000| PB 0x00000000e8300000| Untracked 
| 132|0x00000000e8400000, 0x00000000e8500000, 0x00000000e8500000|100%| O|  |TAMS 0x00000000e8400000| PB 0x00000000e8400000| Untracked 
| 133|0x00000000e8500000, 0x00000000e8600000, 0x00000000e8600000|100%| O|  |TAMS 0x00000000e8500000| PB 0x00000000e8500000| Untracked 
| 134|0x00000000e8600000, 0x00000000e8700000, 0x00000000e8700000|100%| O|  |TAMS 0x00000000e8600000| PB 0x00000000e8600000| Untracked 
| 135|0x00000000e8700000, 0x00000000e8800000, 0x00000000e8800000|100%| O|  |TAMS 0x00000000e8700000| PB 0x00000000e8700000| Untracked 
| 136|0x00000000e8800000, 0x00000000e8900000, 0x00000000e8900000|100%| O|  |TAMS 0x00000000e8800000| PB 0x00000000e8800000| Untracked 
| 137|0x00000000e8900000, 0x00000000e8977850, 0x00000000e8a00000| 46%| O|  |TAMS 0x00000000e8900000| PB 0x00000000e8900000| Untracked 
| 138|0x00000000e8a00000, 0x00000000e8a00000, 0x00000000e8b00000|  0%| F|  |TAMS 0x00000000e8a00000| PB 0x00000000e8a00000| Untracked 
| 139|0x00000000e8b00000, 0x00000000e8b00000, 0x00000000e8c00000|  0%| F|  |TAMS 0x00000000e8b00000| PB 0x00000000e8b00000| Untracked 
| 140|0x00000000e8c00000, 0x00000000e8c00000, 0x00000000e8d00000|  0%| F|  |TAMS 0x00000000e8c00000| PB 0x00000000e8c00000| Untracked 
| 141|0x00000000e8d00000, 0x00000000e8d00000, 0x00000000e8e00000|  0%| F|  |TAMS 0x00000000e8d00000| PB 0x00000000e8d00000| Untracked 
| 142|0x00000000e8e00000, 0x00000000e8e00000, 0x00000000e8f00000|  0%| F|  |TAMS 0x00000000e8e00000| PB 0x00000000e8e00000| Untracked 
| 143|0x00000000e8f00000, 0x00000000e8f00000, 0x00000000e9000000|  0%| F|  |TAMS 0x00000000e8f00000| PB 0x00000000e8f00000| Untracked 
| 144|0x00000000e9000000, 0x00000000e9000000, 0x00000000e9100000|  0%| F|  |TAMS 0x00000000e9000000| PB 0x00000000e9000000| Untracked 
| 145|0x00000000e9100000, 0x00000000e91e2e28, 0x00000000e9200000| 88%| S|  |TAMS 0x00000000e9100000| PB 0x00000000e9100000| Complete 
| 146|0x00000000e9200000, 0x00000000e9300000, 0x00000000e9300000|100%| S|  |TAMS 0x00000000e9200000| PB 0x00000000e9200000| Complete 
| 147|0x00000000e9300000, 0x00000000e9400000, 0x00000000e9400000|100%| S|  |TAMS 0x00000000e9300000| PB 0x00000000e9300000| Complete 
| 148|0x00000000e9400000, 0x00000000e94adee0, 0x00000000e9500000| 67%| E|CS|TAMS 0x00000000e9400000| PB 0x00000000e9400000| Complete 
| 149|0x00000000e9500000, 0x00000000e9600000, 0x00000000e9600000|100%| E|CS|TAMS 0x00000000e9500000| PB 0x00000000e9500000| Complete 
| 150|0x00000000e9600000, 0x00000000e9700000, 0x00000000e9700000|100%| E|CS|TAMS 0x00000000e9600000| PB 0x00000000e9600000| Complete 
| 151|0x00000000e9700000, 0x00000000e9800000, 0x00000000e9800000|100%| E|CS|TAMS 0x00000000e9700000| PB 0x00000000e9700000| Complete 
| 152|0x00000000e9800000, 0x00000000e9900000, 0x00000000e9900000|100%| E|CS|TAMS 0x00000000e9800000| PB 0x00000000e9800000| Complete 
| 153|0x00000000e9900000, 0x00000000e9a00000, 0x00000000e9a00000|100%| E|CS|TAMS 0x00000000e9900000| PB 0x00000000e9900000| Complete 
| 154|0x00000000e9a00000, 0x00000000e9b00000, 0x00000000e9b00000|100%| S|  |TAMS 0x00000000e9a00000| PB 0x00000000e9a00000| Complete 
| 155|0x00000000e9b00000, 0x00000000e9c00000, 0x00000000e9c00000|100%| S|  |TAMS 0x00000000e9b00000| PB 0x00000000e9b00000| Complete 
| 156|0x00000000e9c00000, 0x00000000e9d00000, 0x00000000e9d00000|100%| S|  |TAMS 0x00000000e9c00000| PB 0x00000000e9c00000| Complete 
| 157|0x00000000e9d00000, 0x00000000e9e00000, 0x00000000e9e00000|100%| S|  |TAMS 0x00000000e9d00000| PB 0x00000000e9d00000| Complete 
| 158|0x00000000e9e00000, 0x00000000e9f00000, 0x00000000e9f00000|100%| E|CS|TAMS 0x00000000e9e00000| PB 0x00000000e9e00000| Complete 
| 159|0x00000000e9f00000, 0x00000000ea000000, 0x00000000ea000000|100%| E|CS|TAMS 0x00000000e9f00000| PB 0x00000000e9f00000| Complete 
| 160|0x00000000ea000000, 0x00000000ea100000, 0x00000000ea100000|100%| E|CS|TAMS 0x00000000ea000000| PB 0x00000000ea000000| Complete 
| 161|0x00000000ea100000, 0x00000000ea200000, 0x00000000ea200000|100%| E|CS|TAMS 0x00000000ea100000| PB 0x00000000ea100000| Complete 
| 162|0x00000000ea200000, 0x00000000ea300000, 0x00000000ea300000|100%| E|CS|TAMS 0x00000000ea200000| PB 0x00000000ea200000| Complete 
| 163|0x00000000ea300000, 0x00000000ea400000, 0x00000000ea400000|100%| E|CS|TAMS 0x00000000ea300000| PB 0x00000000ea300000| Complete 
| 164|0x00000000ea400000, 0x00000000ea500000, 0x00000000ea500000|100%| E|CS|TAMS 0x00000000ea400000| PB 0x00000000ea400000| Complete 
| 165|0x00000000ea500000, 0x00000000ea600000, 0x00000000ea600000|100%| S|  |TAMS 0x00000000ea500000| PB 0x00000000ea500000| Complete 
| 166|0x00000000ea600000, 0x00000000ea700000, 0x00000000ea700000|100%| S|  |TAMS 0x00000000ea600000| PB 0x00000000ea600000| Complete 
| 167|0x00000000ea700000, 0x00000000ea800000, 0x00000000ea800000|100%| S|  |TAMS 0x00000000ea700000| PB 0x00000000ea700000| Complete 
| 168|0x00000000ea800000, 0x00000000ea900000, 0x00000000ea900000|100%| S|  |TAMS 0x00000000ea800000| PB 0x00000000ea800000| Complete 
| 169|0x00000000ea900000, 0x00000000eaa00000, 0x00000000eaa00000|100%| S|  |TAMS 0x00000000ea900000| PB 0x00000000ea900000| Complete 
| 170|0x00000000eaa00000, 0x00000000eab00000, 0x00000000eab00000|100%| E|CS|TAMS 0x00000000eaa00000| PB 0x00000000eaa00000| Complete 
| 171|0x00000000eab00000, 0x00000000eac00000, 0x00000000eac00000|100%| E|CS|TAMS 0x00000000eab00000| PB 0x00000000eab00000| Complete 
| 172|0x00000000eac00000, 0x00000000ead00000, 0x00000000ead00000|100%| E|CS|TAMS 0x00000000eac00000| PB 0x00000000eac00000| Complete 
| 173|0x00000000ead00000, 0x00000000eae00000, 0x00000000eae00000|100%| E|CS|TAMS 0x00000000ead00000| PB 0x00000000ead00000| Complete 
| 174|0x00000000eae00000, 0x00000000eaf00000, 0x00000000eaf00000|100%| E|CS|TAMS 0x00000000eae00000| PB 0x00000000eae00000| Complete 
| 175|0x00000000eaf00000, 0x00000000eb000000, 0x00000000eb000000|100%| E|CS|TAMS 0x00000000eaf00000| PB 0x00000000eaf00000| Complete 
| 176|0x00000000eb000000, 0x00000000eb100000, 0x00000000eb100000|100%| E|CS|TAMS 0x00000000eb000000| PB 0x00000000eb000000| Complete 
| 177|0x00000000eb100000, 0x00000000eb200000, 0x00000000eb200000|100%| E|CS|TAMS 0x00000000eb100000| PB 0x00000000eb100000| Complete 
| 178|0x00000000eb200000, 0x00000000eb300000, 0x00000000eb300000|100%| E|CS|TAMS 0x00000000eb200000| PB 0x00000000eb200000| Complete 
| 179|0x00000000eb300000, 0x00000000eb400000, 0x00000000eb400000|100%| E|CS|TAMS 0x00000000eb300000| PB 0x00000000eb300000| Complete 
| 180|0x00000000eb400000, 0x00000000eb500000, 0x00000000eb500000|100%| E|CS|TAMS 0x00000000eb400000| PB 0x00000000eb400000| Complete 
| 181|0x00000000eb500000, 0x00000000eb600000, 0x00000000eb600000|100%| E|CS|TAMS 0x00000000eb500000| PB 0x00000000eb500000| Complete 
| 182|0x00000000eb600000, 0x00000000eb700000, 0x00000000eb700000|100%| E|CS|TAMS 0x00000000eb600000| PB 0x00000000eb600000| Complete 
| 183|0x00000000eb700000, 0x00000000eb800000, 0x00000000eb800000|100%| E|CS|TAMS 0x00000000eb700000| PB 0x00000000eb700000| Complete 
| 184|0x00000000eb800000, 0x00000000eb900000, 0x00000000eb900000|100%| E|CS|TAMS 0x00000000eb800000| PB 0x00000000eb800000| Complete 
| 185|0x00000000eb900000, 0x00000000eba00000, 0x00000000eba00000|100%| E|CS|TAMS 0x00000000eb900000| PB 0x00000000eb900000| Complete 
| 186|0x00000000eba00000, 0x00000000ebb00000, 0x00000000ebb00000|100%| E|CS|TAMS 0x00000000eba00000| PB 0x00000000eba00000| Complete 
| 187|0x00000000ebb00000, 0x00000000ebc00000, 0x00000000ebc00000|100%| E|CS|TAMS 0x00000000ebb00000| PB 0x00000000ebb00000| Complete 
| 188|0x00000000ebc00000, 0x00000000ebd00000, 0x00000000ebd00000|100%| E|CS|TAMS 0x00000000ebc00000| PB 0x00000000ebc00000| Complete 
| 189|0x00000000ebd00000, 0x00000000ebe00000, 0x00000000ebe00000|100%| E|CS|TAMS 0x00000000ebd00000| PB 0x00000000ebd00000| Complete 
| 190|0x00000000ebe00000, 0x00000000ebf00000, 0x00000000ebf00000|100%| E|CS|TAMS 0x00000000ebe00000| PB 0x00000000ebe00000| Complete 
| 191|0x00000000ebf00000, 0x00000000ec000000, 0x00000000ec000000|100%| E|CS|TAMS 0x00000000ebf00000| PB 0x00000000ebf00000| Complete 
| 192|0x00000000ec000000, 0x00000000ec100000, 0x00000000ec100000|100%| E|CS|TAMS 0x00000000ec000000| PB 0x00000000ec000000| Complete 
| 193|0x00000000ec100000, 0x00000000ec200000, 0x00000000ec200000|100%| E|CS|TAMS 0x00000000ec100000| PB 0x00000000ec100000| Complete 
| 194|0x00000000ec200000, 0x00000000ec300000, 0x00000000ec300000|100%| E|CS|TAMS 0x00000000ec200000| PB 0x00000000ec200000| Complete 
| 195|0x00000000ec300000, 0x00000000ec400000, 0x00000000ec400000|100%| E|CS|TAMS 0x00000000ec300000| PB 0x00000000ec300000| Complete 
| 196|0x00000000ec400000, 0x00000000ec500000, 0x00000000ec500000|100%| E|CS|TAMS 0x00000000ec400000| PB 0x00000000ec400000| Complete 
| 197|0x00000000ec500000, 0x00000000ec600000, 0x00000000ec600000|100%| E|CS|TAMS 0x00000000ec500000| PB 0x00000000ec500000| Complete 
| 198|0x00000000ec600000, 0x00000000ec700000, 0x00000000ec700000|100%| E|CS|TAMS 0x00000000ec600000| PB 0x00000000ec600000| Complete 
| 199|0x00000000ec700000, 0x00000000ec800000, 0x00000000ec800000|100%| E|CS|TAMS 0x00000000ec700000| PB 0x00000000ec700000| Complete 
| 200|0x00000000ec800000, 0x00000000ec900000, 0x00000000ec900000|100%| E|CS|TAMS 0x00000000ec800000| PB 0x00000000ec800000| Complete 
| 201|0x00000000ec900000, 0x00000000eca00000, 0x00000000eca00000|100%| E|CS|TAMS 0x00000000ec900000| PB 0x00000000ec900000| Complete 
| 202|0x00000000eca00000, 0x00000000ecb00000, 0x00000000ecb00000|100%| E|CS|TAMS 0x00000000eca00000| PB 0x00000000eca00000| Complete 
| 203|0x00000000ecb00000, 0x00000000ecc00000, 0x00000000ecc00000|100%| E|CS|TAMS 0x00000000ecb00000| PB 0x00000000ecb00000| Complete 
| 204|0x00000000ecc00000, 0x00000000ecd00000, 0x00000000ecd00000|100%| E|CS|TAMS 0x00000000ecc00000| PB 0x00000000ecc00000| Complete 
| 205|0x00000000ecd00000, 0x00000000ece00000, 0x00000000ece00000|100%| E|CS|TAMS 0x00000000ecd00000| PB 0x00000000ecd00000| Complete 
| 206|0x00000000ece00000, 0x00000000ecf00000, 0x00000000ecf00000|100%| E|CS|TAMS 0x00000000ece00000| PB 0x00000000ece00000| Complete 
| 207|0x00000000ecf00000, 0x00000000ed000000, 0x00000000ed000000|100%| E|CS|TAMS 0x00000000ecf00000| PB 0x00000000ecf00000| Complete 
| 208|0x00000000ed000000, 0x00000000ed100000, 0x00000000ed100000|100%| E|CS|TAMS 0x00000000ed000000| PB 0x00000000ed000000| Complete 
| 209|0x00000000ed100000, 0x00000000ed200000, 0x00000000ed200000|100%| E|CS|TAMS 0x00000000ed100000| PB 0x00000000ed100000| Complete 
| 210|0x00000000ed200000, 0x00000000ed300000, 0x00000000ed300000|100%| E|CS|TAMS 0x00000000ed200000| PB 0x00000000ed200000| Complete 
| 211|0x00000000ed300000, 0x00000000ed400000, 0x00000000ed400000|100%| E|CS|TAMS 0x00000000ed300000| PB 0x00000000ed300000| Complete 
| 212|0x00000000ed400000, 0x00000000ed500000, 0x00000000ed500000|100%| E|CS|TAMS 0x00000000ed400000| PB 0x00000000ed400000| Complete 
| 213|0x00000000ed500000, 0x00000000ed600000, 0x00000000ed600000|100%| E|CS|TAMS 0x00000000ed500000| PB 0x00000000ed500000| Complete 
| 214|0x00000000ed600000, 0x00000000ed700000, 0x00000000ed700000|100%| E|CS|TAMS 0x00000000ed600000| PB 0x00000000ed600000| Complete 
| 215|0x00000000ed700000, 0x00000000ed800000, 0x00000000ed800000|100%| E|CS|TAMS 0x00000000ed700000| PB 0x00000000ed700000| Complete 
| 216|0x00000000ed800000, 0x00000000ed900000, 0x00000000ed900000|100%| E|CS|TAMS 0x00000000ed800000| PB 0x00000000ed800000| Complete 
| 217|0x00000000ed900000, 0x00000000eda00000, 0x00000000eda00000|100%| E|CS|TAMS 0x00000000ed900000| PB 0x00000000ed900000| Complete 
| 218|0x00000000eda00000, 0x00000000edb00000, 0x00000000edb00000|100%| E|CS|TAMS 0x00000000eda00000| PB 0x00000000eda00000| Complete 
| 219|0x00000000edb00000, 0x00000000edc00000, 0x00000000edc00000|100%| E|CS|TAMS 0x00000000edb00000| PB 0x00000000edb00000| Complete 
| 220|0x00000000edc00000, 0x00000000edd00000, 0x00000000edd00000|100%| E|CS|TAMS 0x00000000edc00000| PB 0x00000000edc00000| Complete 
| 221|0x00000000edd00000, 0x00000000ede00000, 0x00000000ede00000|100%| E|CS|TAMS 0x00000000edd00000| PB 0x00000000edd00000| Complete 
| 222|0x00000000ede00000, 0x00000000edf00000, 0x00000000edf00000|100%| E|CS|TAMS 0x00000000ede00000| PB 0x00000000ede00000| Complete 
| 223|0x00000000edf00000, 0x00000000ee000000, 0x00000000ee000000|100%| E|CS|TAMS 0x00000000edf00000| PB 0x00000000edf00000| Complete 
| 224|0x00000000ee000000, 0x00000000ee100000, 0x00000000ee100000|100%| E|CS|TAMS 0x00000000ee000000| PB 0x00000000ee000000| Complete 
| 225|0x00000000ee100000, 0x00000000ee200000, 0x00000000ee200000|100%| E|CS|TAMS 0x00000000ee100000| PB 0x00000000ee100000| Complete 
| 226|0x00000000ee200000, 0x00000000ee300000, 0x00000000ee300000|100%| E|CS|TAMS 0x00000000ee200000| PB 0x00000000ee200000| Complete 
| 227|0x00000000ee300000, 0x00000000ee400000, 0x00000000ee400000|100%| E|CS|TAMS 0x00000000ee300000| PB 0x00000000ee300000| Complete 
| 228|0x00000000ee400000, 0x00000000ee500000, 0x00000000ee500000|100%| E|CS|TAMS 0x00000000ee400000| PB 0x00000000ee400000| Complete 
| 229|0x00000000ee500000, 0x00000000ee600000, 0x00000000ee600000|100%| E|CS|TAMS 0x00000000ee500000| PB 0x00000000ee500000| Complete 
| 230|0x00000000ee600000, 0x00000000ee700000, 0x00000000ee700000|100%| E|CS|TAMS 0x00000000ee600000| PB 0x00000000ee600000| Complete 
| 231|0x00000000ee700000, 0x00000000ee800000, 0x00000000ee800000|100%| E|CS|TAMS 0x00000000ee700000| PB 0x00000000ee700000| Complete 
| 232|0x00000000ee800000, 0x00000000ee900000, 0x00000000ee900000|100%| E|CS|TAMS 0x00000000ee800000| PB 0x00000000ee800000| Complete 
| 233|0x00000000ee900000, 0x00000000eea00000, 0x00000000eea00000|100%| E|CS|TAMS 0x00000000ee900000| PB 0x00000000ee900000| Complete 
| 234|0x00000000eea00000, 0x00000000eeb00000, 0x00000000eeb00000|100%| E|CS|TAMS 0x00000000eea00000| PB 0x00000000eea00000| Complete 
| 235|0x00000000eeb00000, 0x00000000eec00000, 0x00000000eec00000|100%| E|CS|TAMS 0x00000000eeb00000| PB 0x00000000eeb00000| Complete 
| 236|0x00000000eec00000, 0x00000000eed00000, 0x00000000eed00000|100%| E|CS|TAMS 0x00000000eec00000| PB 0x00000000eec00000| Complete 
| 237|0x00000000eed00000, 0x00000000eee00000, 0x00000000eee00000|100%| E|CS|TAMS 0x00000000eed00000| PB 0x00000000eed00000| Complete 
| 238|0x00000000eee00000, 0x00000000eef00000, 0x00000000eef00000|100%| E|CS|TAMS 0x00000000eee00000| PB 0x00000000eee00000| Complete 
| 239|0x00000000eef00000, 0x00000000ef000000, 0x00000000ef000000|100%| E|CS|TAMS 0x00000000eef00000| PB 0x00000000eef00000| Complete 
| 240|0x00000000ef000000, 0x00000000ef100000, 0x00000000ef100000|100%| E|CS|TAMS 0x00000000ef000000| PB 0x00000000ef000000| Complete 
| 241|0x00000000ef100000, 0x00000000ef200000, 0x00000000ef200000|100%| E|CS|TAMS 0x00000000ef100000| PB 0x00000000ef100000| Complete 
| 242|0x00000000ef200000, 0x00000000ef300000, 0x00000000ef300000|100%| E|CS|TAMS 0x00000000ef200000| PB 0x00000000ef200000| Complete 
| 243|0x00000000ef300000, 0x00000000ef400000, 0x00000000ef400000|100%| E|CS|TAMS 0x00000000ef300000| PB 0x00000000ef300000| Complete 
| 244|0x00000000ef400000, 0x00000000ef500000, 0x00000000ef500000|100%| E|CS|TAMS 0x00000000ef400000| PB 0x00000000ef400000| Complete 
| 245|0x00000000ef500000, 0x00000000ef600000, 0x00000000ef600000|100%| E|CS|TAMS 0x00000000ef500000| PB 0x00000000ef500000| Complete 
| 246|0x00000000ef600000, 0x00000000ef700000, 0x00000000ef700000|100%| E|CS|TAMS 0x00000000ef600000| PB 0x00000000ef600000| Complete 
| 247|0x00000000ef700000, 0x00000000ef800000, 0x00000000ef800000|100%| E|CS|TAMS 0x00000000ef700000| PB 0x00000000ef700000| Complete 
| 248|0x00000000ef800000, 0x00000000ef900000, 0x00000000ef900000|100%| E|CS|TAMS 0x00000000ef800000| PB 0x00000000ef800000| Complete 
| 249|0x00000000ef900000, 0x00000000efa00000, 0x00000000efa00000|100%| E|CS|TAMS 0x00000000ef900000| PB 0x00000000ef900000| Complete 
| 250|0x00000000efa00000, 0x00000000efb00000, 0x00000000efb00000|100%| E|CS|TAMS 0x00000000efa00000| PB 0x00000000efa00000| Complete 
| 251|0x00000000efb00000, 0x00000000efc00000, 0x00000000efc00000|100%| E|CS|TAMS 0x00000000efb00000| PB 0x00000000efb00000| Complete 
| 252|0x00000000efc00000, 0x00000000efd00000, 0x00000000efd00000|100%| E|CS|TAMS 0x00000000efc00000| PB 0x00000000efc00000| Complete 
| 253|0x00000000efd00000, 0x00000000efe00000, 0x00000000efe00000|100%| E|CS|TAMS 0x00000000efd00000| PB 0x00000000efd00000| Complete 
| 254|0x00000000efe00000, 0x00000000eff00000, 0x00000000eff00000|100%| E|CS|TAMS 0x00000000efe00000| PB 0x00000000efe00000| Complete 
| 255|0x00000000eff00000, 0x00000000f0000000, 0x00000000f0000000|100%| E|CS|TAMS 0x00000000eff00000| PB 0x00000000eff00000| Complete 
| 256|0x00000000f0000000, 0x00000000f0100000, 0x00000000f0100000|100%| E|CS|TAMS 0x00000000f0000000| PB 0x00000000f0000000| Complete 
| 257|0x00000000f0100000, 0x00000000f0200000, 0x00000000f0200000|100%| E|CS|TAMS 0x00000000f0100000| PB 0x00000000f0100000| Complete 
| 258|0x00000000f0200000, 0x00000000f0300000, 0x00000000f0300000|100%| E|CS|TAMS 0x00000000f0200000| PB 0x00000000f0200000| Complete 
| 506|0x00000000ffa00000, 0x00000000ffb00000, 0x00000000ffb00000|100%| O|  |TAMS 0x00000000ffa00000| PB 0x00000000ffa00000| Untracked 
| 507|0x00000000ffb00000, 0x00000000ffc00000, 0x00000000ffc00000|100%| O|  |TAMS 0x00000000ffb00000| PB 0x00000000ffb00000| Untracked 
| 508|0x00000000ffc00000, 0x00000000ffd00000, 0x00000000ffd00000|100%| O|  |TAMS 0x00000000ffc00000| PB 0x00000000ffc00000| Untracked 
| 509|0x00000000ffd00000, 0x00000000ffe00000, 0x00000000ffe00000|100%| O|  |TAMS 0x00000000ffd00000| PB 0x00000000ffd00000| Untracked 
| 510|0x00000000ffe00000, 0x00000000fff00000, 0x00000000fff00000|100%| O|  |TAMS 0x00000000ffe00000| PB 0x00000000ffe00000| Untracked 
| 511|0x00000000fff00000, 0x0000000100000000, 0x0000000100000000|100%| O|  |TAMS 0x00000000fff00000| PB 0x00000000fff00000| Untracked 

Card table byte_map: [0x00000243ae630000,0x00000243ae730000] _byte_map_base: 0x00000243adf30000

Marking Bits: (CMBitMap*) 0x00000243960f8ad0
 Bits: [0x00000243ae730000, 0x00000243aef30000)

Polling page: 0x0000024394810000

Metaspace:

Usage:
  Non-class:    115.97 MB used.
      Class:     17.76 MB used.
       Both:    133.73 MB used.

Virtual space:
  Non-class space:      128.00 MB reserved,     117.31 MB ( 92%) committed,  2 nodes.
      Class space:      320.00 MB reserved,      19.19 MB (  6%) committed,  1 nodes.
             Both:      448.00 MB reserved,     136.50 MB ( 30%) committed. 

Chunk freelists:
   Non-Class:  9.89 MB
       Class:  12.86 MB
        Both:  22.75 MB

MaxMetaspaceSize: 384.00 MB
CompressedClassSpaceSize: 320.00 MB
Initial GC threshold: 21.00 MB
Current GC threshold: 221.06 MB
CDS: on
 - commit_granule_bytes: 65536.
 - commit_granule_words: 8192.
 - virtual_space_node_default_size: 8388608.
 - enlarge_chunks_in_place: 1.
 - use_allocation_guard: 0.


Internal statistics:

num_allocs_failed_limit: 12.
num_arena_births: 5044.
num_arena_deaths: 4.
num_vsnodes_births: 3.
num_vsnodes_deaths: 0.
num_space_committed: 2182.
num_space_uncommitted: 0.
num_chunks_returned_to_freelist: 22.
num_chunks_taken_from_freelist: 11135.
num_chunk_merges: 9.
num_chunk_splits: 7648.
num_chunks_enlarged: 5132.
num_inconsistent_stats: 0.

CodeHeap 'non-profiled nmethods': size=119168Kb used=8704Kb max_used=8704Kb free=110464Kb
 bounds [0x00000243a6200000, 0x00000243a6a80000, 0x00000243ad660000]
CodeHeap 'profiled nmethods': size=119104Kb used=23968Kb max_used=23968Kb free=95135Kb
 bounds [0x000002439e660000, 0x000002439fdd0000, 0x00000243a5ab0000]
CodeHeap 'non-nmethods': size=7488Kb used=4214Kb max_used=4849Kb free=3274Kb
 bounds [0x00000243a5ab0000, 0x00000243a5f80000, 0x00000243a6200000]
 total_blobs=13198 nmethods=12060 adapters=1039
 compilation: enabled
              stopped_count=0, restarted_count=0
 full_count=0

Compilation events (20 events):
Event: 570.358 Thread 0x00000243d34a2260 14025       3       org.codehaus.groovy.ast.ClassNode::getAnnotations (26 bytes)
Event: 570.358 Thread 0x00000243cb13aef0 nmethod 14019 0x000002439fdc1990 code [0x000002439fdc1c20, 0x000002439fdc2c50]
Event: 570.358 Thread 0x00000243d34a2260 nmethod 14025 0x000002439fdc3090 code [0x000002439fdc3260, 0x000002439fdc3520]
Event: 570.358 Thread 0x00000243cb13aef0 14023       3       org.codehaus.groovy.ast.ClassCodeVisitorSupport::visitConstructor (7 bytes)
Event: 570.358 Thread 0x00000243d349ebe0 nmethod 14021 0x000002439fdc3610 code [0x000002439fdc38e0, 0x000002439fdc4ce8]
Event: 570.358 Thread 0x00000243d34a2260 14022       3       org.codehaus.groovy.control.LabelVerifier::visitStatement (106 bytes)
Event: 570.358 Thread 0x00000243cb13aef0 nmethod 14023 0x000002439fdc5290 code [0x000002439fdc5440, 0x000002439fdc5618]
Event: 570.358 Thread 0x00000243cb13aef0 14026       3       org.codehaus.groovy.ast.ClassCodeVisitorSupport::visitAnnotation (43 bytes)
Event: 570.358 Thread 0x00000243d349ebe0 14027       3       org.codehaus.groovy.ast.expr.VariableExpression::isClosureSharedVariable (30 bytes)
Event: 570.358 Thread 0x00000243cb136f60 nmethod 14024 0x00000243a6a7f090 code [0x00000243a6a7f220, 0x00000243a6a7f2b0]
Event: 570.358 Thread 0x00000243d349ebe0 nmethod 14027 0x000002439fdc5710 code [0x000002439fdc58c0, 0x000002439fdc5b38]
Event: 570.358 Thread 0x00000243d34a2260 nmethod 14022 0x000002439fdc5c10 code [0x000002439fdc5e80, 0x000002439fdc6930]
Event: 570.358 Thread 0x00000243d349ebe0 14028       3       org.codehaus.groovy.control.ErrorCollector::hasErrors (13 bytes)
Event: 570.358 Thread 0x00000243cb13aef0 nmethod 14026 0x000002439fdc6c90 code [0x000002439fdc6ec0, 0x000002439fdc76d0]
Event: 570.358 Thread 0x00000243d349ebe0 nmethod 14028 0x000002439fdc7910 code [0x000002439fdc7aa0, 0x000002439fdc7c08]
Event: 570.359 Thread 0x00000243d349f980 nmethod 14013 0x00000243a6a7f390 code [0x00000243a6a7f5c0, 0x00000243a6a7f9b0]
Event: 570.360 Thread 0x00000243d349ebe0 14029       3       com.esotericsoftware.kryo.io.Output::writeBoolean (44 bytes)
Event: 570.361 Thread 0x00000243d349ebe0 nmethod 14029 0x000002439fdc7c90 code [0x000002439fdc7e40, 0x000002439fdc8080]
Event: 570.361 Thread 0x00000243cb13aef0 14030       1       sun.security.provider.DigestBase::engineGetDigestLength (5 bytes)
Event: 570.361 Thread 0x00000243cb13aef0 nmethod 14030 0x00000243a6a7fd10 code [0x00000243a6a7fea0, 0x00000243a6a7ff68]

GC Heap History (20 events):
Event: 6.918 GC heap after
{Heap after GC invocations=10 (full 0):
 garbage-first heap   total 262144K, used 95625K [0x00000000e0000000, 0x0000000100000000)
  region size 1024K, 10 young (10240K), 10 survivors (10240K)
 Metaspace       used 55318K, committed 57088K, reserved 393216K
  class space    used 7675K, committed 8576K, reserved 327680K
}
Event: 7.111 GC heap before
{Heap before GC invocations=10 (full 0):
 garbage-first heap   total 262144K, used 110985K [0x00000000e0000000, 0x0000000100000000)
  region size 1024K, 26 young (26624K), 10 survivors (10240K)
 Metaspace       used 58515K, committed 60288K, reserved 393216K
  class space    used 8460K, committed 9344K, reserved 327680K
}
Event: 7.114 GC heap after
{Heap after GC invocations=11 (full 0):
 garbage-first heap   total 262144K, used 95769K [0x00000000e0000000, 0x0000000100000000)
  region size 1024K, 10 young (10240K), 10 survivors (10240K)
 Metaspace       used 58515K, committed 60288K, reserved 393216K
  class space    used 8460K, committed 9344K, reserved 327680K
}
Event: 8.325 GC heap before
{Heap before GC invocations=12 (full 0):
 garbage-first heap   total 262144K, used 244249K [0x00000000e0000000, 0x0000000100000000)
  region size 1024K, 148 young (151552K), 10 survivors (10240K)
 Metaspace       used 74731K, committed 76608K, reserved 393216K
  class space    used 10485K, committed 11392K, reserved 327680K
}
Event: 8.331 GC heap after
{Heap after GC invocations=13 (full 0):
 garbage-first heap   total 264192K, used 111858K [0x00000000e0000000, 0x0000000100000000)
  region size 1024K, 19 young (19456K), 19 survivors (19456K)
 Metaspace       used 74731K, committed 76608K, reserved 393216K
  class space    used 10485K, committed 11392K, reserved 327680K
}
Event: 9.275 GC heap before
{Heap before GC invocations=13 (full 0):
 garbage-first heap   total 264192K, used 237810K [0x00000000e0000000, 0x0000000100000000)
  region size 1024K, 134 young (137216K), 19 survivors (19456K)
 Metaspace       used 86559K, committed 88704K, reserved 458752K
  class space    used 11742K, committed 12800K, reserved 327680K
}
Event: 9.285 GC heap after
{Heap after GC invocations=14 (full 0):
 garbage-first heap   total 271360K, used 123994K [0x00000000e0000000, 0x0000000100000000)
  region size 1024K, 17 young (17408K), 17 survivors (17408K)
 Metaspace       used 86559K, committed 88704K, reserved 458752K
  class space    used 11742K, committed 12800K, reserved 327680K
}
Event: 10.288 GC heap before
{Heap before GC invocations=14 (full 0):
 garbage-first heap   total 271360K, used 239706K [0x00000000e0000000, 0x0000000100000000)
  region size 1024K, 129 young (132096K), 17 survivors (17408K)
 Metaspace       used 96256K, committed 98496K, reserved 458752K
  class space    used 12919K, committed 14016K, reserved 327680K
}
Event: 10.295 GC heap after
{Heap after GC invocations=15 (full 0):
 garbage-first heap   total 271360K, used 134566K [0x00000000e0000000, 0x0000000100000000)
  region size 1024K, 9 young (9216K), 9 survivors (9216K)
 Metaspace       used 96256K, committed 98496K, reserved 458752K
  class space    used 12919K, committed 14016K, reserved 327680K
}
Event: 10.571 GC heap before
{Heap before GC invocations=15 (full 0):
 garbage-first heap   total 271360K, used 161190K [0x00000000e0000000, 0x0000000100000000)
  region size 1024K, 36 young (36864K), 9 survivors (9216K)
 Metaspace       used 98803K, committed 101056K, reserved 458752K
  class space    used 13230K, committed 14336K, reserved 327680K
}
Event: 10.574 GC heap after
{Heap after GC invocations=16 (full 0):
 garbage-first heap   total 271360K, used 135151K [0x00000000e0000000, 0x0000000100000000)
  region size 1024K, 10 young (10240K), 10 survivors (10240K)
 Metaspace       used 98803K, committed 101056K, reserved 458752K
  class space    used 13230K, committed 14336K, reserved 327680K
}
Event: 11.606 GC heap before
{Heap before GC invocations=17 (full 0):
 garbage-first heap   total 271360K, used 244719K [0x00000000e0000000, 0x0000000100000000)
  region size 1024K, 118 young (120832K), 10 survivors (10240K)
 Metaspace       used 113560K, committed 115840K, reserved 458752K
  class space    used 14709K, committed 15808K, reserved 327680K
}
Event: 11.610 GC heap after
{Heap after GC invocations=18 (full 0):
 garbage-first heap   total 271360K, used 140362K [0x00000000e0000000, 0x0000000100000000)
  region size 1024K, 8 young (8192K), 8 survivors (8192K)
 Metaspace       used 113560K, committed 115840K, reserved 458752K
  class space    used 14709K, committed 15808K, reserved 327680K
}
Event: 12.727 GC heap before
{Heap before GC invocations=18 (full 0):
 garbage-first heap   total 271360K, used 248906K [0x00000000e0000000, 0x0000000100000000)
  region size 1024K, 113 young (115712K), 8 survivors (8192K)
 Metaspace       used 124745K, committed 127360K, reserved 458752K
  class space    used 16431K, committed 17728K, reserved 327680K
}
Event: 12.732 GC heap after
{Heap after GC invocations=19 (full 0):
 garbage-first heap   total 271360K, used 139463K [0x00000000e0000000, 0x0000000100000000)
  region size 1024K, 13 young (13312K), 13 survivors (13312K)
 Metaspace       used 124745K, committed 127360K, reserved 458752K
  class space    used 16431K, committed 17728K, reserved 327680K
}
Event: 13.970 GC heap before
{Heap before GC invocations=19 (full 0):
 garbage-first heap   total 271360K, used 241863K [0x00000000e0000000, 0x0000000100000000)
  region size 1024K, 114 young (116736K), 13 survivors (13312K)
 Metaspace       used 133077K, committed 135808K, reserved 458752K
  class space    used 17654K, committed 19008K, reserved 327680K
}
Event: 13.977 GC heap after
{Heap after GC invocations=20 (full 0):
 garbage-first heap   total 271360K, used 146306K [0x00000000e0000000, 0x0000000100000000)
  region size 1024K, 13 young (13312K), 13 survivors (13312K)
 Metaspace       used 133077K, committed 135808K, reserved 458752K
  class space    used 17654K, committed 19008K, reserved 327680K
}
Event: 15.418 GC heap before
{Heap before GC invocations=21 (full 0):
 garbage-first heap   total 271360K, used 241538K [0x00000000e0000000, 0x0000000100000000)
  region size 1024K, 107 young (109568K), 13 survivors (13312K)
 Metaspace       used 133078K, committed 135808K, reserved 458752K
  class space    used 17655K, committed 19008K, reserved 327680K
}
Event: 15.423 GC heap after
{Heap after GC invocations=22 (full 0):
 garbage-first heap   total 271360K, used 152247K [0x00000000e0000000, 0x0000000100000000)
  region size 1024K, 13 young (13312K), 13 survivors (13312K)
 Metaspace       used 133078K, committed 135808K, reserved 458752K
  class space    used 17655K, committed 19008K, reserved 327680K
}
Event: 570.363 GC heap before
{Heap before GC invocations=22 (full 0):
 garbage-first heap   total 271360K, used 242359K [0x00000000e0000000, 0x0000000100000000)
  region size 1024K, 102 young (104448K), 13 survivors (13312K)
 Metaspace       used 136937K, committed 139776K, reserved 458752K
  class space    used 18182K, committed 19648K, reserved 327680K
}

Dll operation events (15 events):
Event: 0.012 Loaded shared library C:\Program Files\Java\jdk-21\bin\java.dll
Event: 0.034 Loaded shared library C:\Program Files\Java\jdk-21\bin\jsvml.dll
Event: 0.058 Loaded shared library C:\Program Files\Java\jdk-21\bin\zip.dll
Event: 0.061 Loaded shared library C:\Program Files\Java\jdk-21\bin\instrument.dll
Event: 0.064 Loaded shared library C:\Program Files\Java\jdk-21\bin\net.dll
Event: 0.065 Loaded shared library C:\Program Files\Java\jdk-21\bin\nio.dll
Event: 0.067 Loaded shared library C:\Program Files\Java\jdk-21\bin\zip.dll
Event: 0.214 Loaded shared library C:\Program Files\Java\jdk-21\bin\jimage.dll
Event: 0.293 Loaded shared library C:\Program Files\Java\jdk-21\bin\verify.dll
Event: 0.354 Loaded shared library C:\Users\jfune\.gradle\native\1def1411415f61bf3af743bc5b6707747c0891f09f0c88961ee8f79bc544acac\windows-amd64\native-platform.dll
Event: 0.366 Loaded shared library C:\Users\jfune\.gradle\native\0.2.7\x86_64-windows-gnu\gradle-fileevents.dll
Event: 0.922 Loaded shared library C:\Program Files\Java\jdk-21\bin\management.dll
Event: 0.927 Loaded shared library C:\Program Files\Java\jdk-21\bin\management_ext.dll
Event: 1.050 Loaded shared library C:\Program Files\Java\jdk-21\bin\extnet.dll
Event: 1.282 Loaded shared library C:\Program Files\Java\jdk-21\bin\sunmscapi.dll

Deoptimization events (20 events):
Event: 569.799 Thread 0x00000243b1dda900 DEOPT PACKING pc=0x00000243a692e934 sp=0x000000851def7aa0
Event: 569.799 Thread 0x00000243b1dda900 DEOPT UNPACKING pc=0x00000243a5b046a2 sp=0x000000851def78d0 mode 2
Event: 569.801 Thread 0x00000243b1dda900 Uncommon trap: trap_request=0xfffffff4 fr.pc=0x00000243a64beb30 relative=0x0000000000000490
Event: 569.801 Thread 0x00000243b1dda900 Uncommon trap: reason=null_check action=make_not_entrant pc=0x00000243a64beb30 method=org.gradle.api.internal.changedetection.state.CachingFileHasher.snapshot(Ljava/io/File;JJ)Lorg/gradle/api/internal/changedetection/state/CachingFileHasher$FileInfo; @ 31
Event: 569.801 Thread 0x00000243b1dda900 DEOPT PACKING pc=0x00000243a64beb30 sp=0x000000851def8d10
Event: 569.801 Thread 0x00000243b1dda900 DEOPT UNPACKING pc=0x00000243a5b046a2 sp=0x000000851def8bc8 mode 2
Event: 569.801 Thread 0x00000243b1dda900 Uncommon trap: trap_request=0xfffffff4 fr.pc=0x00000243a64bf574 relative=0x0000000000000294
Event: 569.801 Thread 0x00000243b1dda900 Uncommon trap: reason=null_check action=make_not_entrant pc=0x00000243a64bf574 method=org.gradle.api.internal.changedetection.state.CachingFileHasher.snapshot(Ljava/io/File;JJ)Lorg/gradle/api/internal/changedetection/state/CachingFileHasher$FileInfo; @ 31
Event: 569.801 Thread 0x00000243b1dda900 DEOPT PACKING pc=0x00000243a64bf574 sp=0x000000851def8c90
Event: 569.801 Thread 0x00000243b1dda900 DEOPT UNPACKING pc=0x00000243a5b046a2 sp=0x000000851def8bd0 mode 2
Event: 569.802 Thread 0x00000243b1dda900 Uncommon trap: trap_request=0xfffffff4 fr.pc=0x00000243a64bfd68 relative=0x0000000000000288
Event: 569.802 Thread 0x00000243b1dda900 Uncommon trap: reason=null_check action=make_not_entrant pc=0x00000243a64bfd68 method=org.gradle.api.internal.changedetection.state.CachingFileHasher.snapshot(Ljava/io/File;JJ)Lorg/gradle/api/internal/changedetection/state/CachingFileHasher$FileInfo; @ 31
Event: 569.802 Thread 0x00000243b1dda900 DEOPT PACKING pc=0x00000243a64bfd68 sp=0x000000851def8c00
Event: 569.802 Thread 0x00000243b1dda900 DEOPT UNPACKING pc=0x00000243a5b046a2 sp=0x000000851def8bc8 mode 2
Event: 570.339 Thread 0x00000243b1dda900 Uncommon trap: trap_request=0xffffff76 fr.pc=0x00000243a69dac44 relative=0x00000000000006e4
Event: 570.339 Thread 0x00000243b1dda900 Uncommon trap: reason=predicate action=maybe_recompile pc=0x00000243a69dac44 method=java.util.ComparableTimSort.binarySort([Ljava/lang/Object;III)V @ 34 c2
Event: 570.339 Thread 0x00000243b1dda900 DEOPT PACKING pc=0x00000243a69dac44 sp=0x000000851def81f0
Event: 570.339 Thread 0x00000243b1dda900 DEOPT UNPACKING pc=0x00000243a5b046a2 sp=0x000000851def8198 mode 2
Event: 570.350 Thread 0x00000243b1dda900 DEOPT PACKING pc=0x000002439efc6c8e sp=0x000000851def6760
Event: 570.350 Thread 0x00000243b1dda900 DEOPT UNPACKING pc=0x00000243a5b04e42 sp=0x000000851def5c48 mode 0

Classes loaded (20 events):
Event: 13.280 Loading class java/io/PushbackInputStream
Event: 13.280 Loading class java/io/PushbackInputStream done
Event: 13.390 Loading class java/io/FilterReader
Event: 13.391 Loading class java/io/FilterReader done
Event: 13.486 Loading class java/util/Comparators$NaturalOrderComparator
Event: 13.486 Loading class java/util/Comparators$NaturalOrderComparator done
Event: 13.486 Loading class java/util/stream/ReduceOps$2
Event: 13.486 Loading class java/util/stream/ReduceOps$2 done
Event: 13.486 Loading class java/util/stream/ReduceOps$2ReducingSink
Event: 13.486 Loading class java/util/stream/ReduceOps$2ReducingSink done
Event: 15.838 Loading class java/util/TreeMap$ValueSpliterator
Event: 15.838 Loading class java/util/TreeMap$ValueSpliterator done
Event: 15.987 Loading class java/util/HashMap$EntrySpliterator
Event: 15.987 Loading class java/util/HashMap$EntrySpliterator done
Event: 16.046 Loading class java/time/Instant$1
Event: 16.046 Loading class java/time/Instant$1 done
Event: 16.077 Loading class java/util/concurrent/CompletableFuture$AsyncRun
Event: 16.077 Loading class java/util/concurrent/CompletableFuture$AsyncRun done
Event: 569.695 Loading class jdk/internal/math/FormattedFPDecimal
Event: 569.695 Loading class jdk/internal/math/FormattedFPDecimal done

Classes unloaded (12 events):
Event: 10.609 Thread 0x00000243b1efa050 Unloading class 0x00000243b38314a8 '_BuildScript_$_run_closure1$_closure3'
Event: 10.609 Thread 0x00000243b1efa050 Unloading class 0x00000243b38310c8 '_BuildScript_$_run_closure1$_closure2'
Event: 10.609 Thread 0x00000243b1efa050 Unloading class 0x00000243b3830ce8 '_BuildScript_$_run_closure1'
Event: 10.609 Thread 0x00000243b1efa050 Unloading class 0x00000243b38307c0 '_BuildScript_'
Event: 10.609 Thread 0x00000243b1efa050 Unloading class 0x00000243b38303e0 'JetGradlePlugin$_apply_closure1$_closure2$_closure3'
Event: 10.609 Thread 0x00000243b1efa050 Unloading class 0x00000243b3830000 'JetGradlePlugin$_apply_closure1$_closure2'
Event: 10.609 Thread 0x00000243b1efa050 Unloading class 0x00000243b3829400 'JetGradlePlugin$_apply_closure1'
Event: 10.609 Thread 0x00000243b1efa050 Unloading class 0x00000243b3829ac0 'JetGradlePlugin'
Event: 10.609 Thread 0x00000243b1efa050 Unloading class 0x00000243b3829800 'RegistryProcessor'
Event: 10.609 Thread 0x00000243b1efa050 Unloading class 0x00000243b380c908 '_BuildScript_$_run_closure1$_closure2'
Event: 10.609 Thread 0x00000243b1efa050 Unloading class 0x00000243b380c528 '_BuildScript_$_run_closure1'
Event: 10.609 Thread 0x00000243b1efa050 Unloading class 0x00000243b380c000 '_BuildScript_'

Classes redefined (0 events):
No events

Internal exceptions (20 events):
Event: 569.717 Thread 0x00000243b1dda900 Implicit null exception at 0x00000243a668760f to 0x00000243a66876b0
Event: 569.786 Thread 0x00000243b1dda900 Exception <a 'sun/nio/fs/WindowsException'{0x00000000eaebf5e0}> (0x00000000eaebf5e0) 
thrown [s\open\src\hotspot\share\prims\jni.cpp, line 520]
Event: 569.787 Thread 0x00000243b1dda900 Exception <a 'sun/nio/fs/WindowsException'{0x00000000eaec0ce0}> (0x00000000eaec0ce0) 
thrown [s\open\src\hotspot\share\prims\jni.cpp, line 520]
Event: 569.788 Thread 0x00000243b1dda900 Exception <a 'sun/nio/fs/WindowsException'{0x00000000eaed47e0}> (0x00000000eaed47e0) 
thrown [s\open\src\hotspot\share\prims\jni.cpp, line 520]
Event: 569.790 Thread 0x00000243b1dda900 Exception <a 'sun/nio/fs/WindowsException'{0x00000000eaee6e00}> (0x00000000eaee6e00) 
thrown [s\open\src\hotspot\share\prims\jni.cpp, line 520]
Event: 569.791 Thread 0x00000243b1dda900 Exception <a 'sun/nio/fs/WindowsException'{0x00000000eaef1850}> (0x00000000eaef1850) 
thrown [s\open\src\hotspot\share\prims\jni.cpp, line 520]
Event: 569.794 Thread 0x00000243cd3a1230 Implicit null exception at 0x00000243a66f2d34 to 0x00000243a66f59cc
Event: 569.795 Thread 0x00000243b1dda900 Implicit null exception at 0x00000243a6940c98 to 0x00000243a69431a4
Event: 569.796 Thread 0x00000243b1dda900 Implicit null exception at 0x00000243a693a52c to 0x00000243a693ca00
Event: 569.797 Thread 0x00000243b1dda900 Implicit null exception at 0x00000243a6931f88 to 0x00000243a6933ec0
Event: 569.799 Thread 0x00000243b1dda900 Implicit null exception at 0x00000243a692d664 to 0x00000243a692e90c
Event: 569.801 Thread 0x00000243b1dda900 Implicit null exception at 0x00000243a64be7fc to 0x00000243a64beb0c
Event: 569.801 Thread 0x00000243b1dda900 Implicit null exception at 0x00000243a64bf3bc to 0x00000243a64bf548
Event: 569.802 Thread 0x00000243b1dda900 Implicit null exception at 0x00000243a64bfbbc to 0x00000243a64bfd3c
Event: 569.812 Thread 0x00000243b1dda900 Exception <a 'java/lang/ClassNotFoundException'{0x00000000ead83220}: ijJvmDebugger1_al8c6obihseblgwhhfeycey9jBeanInfo> (0x00000000ead83220) 
thrown [s\open\src\hotspot\share\classfile\systemDictionary.cpp, line 312]
Event: 569.812 Thread 0x00000243b1dda900 Exception <a 'java/lang/ClassNotFoundException'{0x00000000ead89368}: ijJvmDebugger1_al8c6obihseblgwhhfeycey9jCustomizer> (0x00000000ead89368) 
thrown [s\open\src\hotspot\share\classfile\systemDictionary.cpp, line 312]
Event: 569.827 Thread 0x00000243b1dda900 Exception <a 'java/lang/ClassNotFoundException'{0x00000000eac37188}: ijJvmDebugger1_al8c6obihseblgwhhfeycey9j$_run_closure1BeanInfo> (0x00000000eac37188) 
thrown [s\open\src\hotspot\share\classfile\systemDictionary.cpp, line 312]
Event: 569.828 Thread 0x00000243b1dda900 Exception <a 'java/lang/ClassNotFoundException'{0x00000000eac3da88}: ijJvmDebugger1_al8c6obihseblgwhhfeycey9j$_run_closure1Customizer> (0x00000000eac3da88) 
thrown [s\open\src\hotspot\share\classfile\systemDictionary.cpp, line 312]
Event: 570.362 Thread 0x00000243b1dda900 Exception <a 'sun/nio/fs/WindowsException'{0x00000000eaaf9788}> (0x00000000eaaf9788) 
thrown [s\open\src\hotspot\share\prims\jni.cpp, line 520]
Event: 570.362 Thread 0x00000243b1dda900 Exception <a 'sun/nio/fs/WindowsException'{0x00000000eaafae70}> (0x00000000eaafae70) 
thrown [s\open\src\hotspot\share\prims\jni.cpp, line 520]

ZGC Phase Switch (0 events):
No events

VM Operations (20 events):
Event: 199.221 Executing VM operation: Cleanup done
Event: 257.248 Executing VM operation: Cleanup
Event: 257.248 Executing VM operation: Cleanup done
Event: 317.273 Executing VM operation: Cleanup
Event: 317.273 Executing VM operation: Cleanup done
Event: 320.274 Executing VM operation: Cleanup
Event: 320.274 Executing VM operation: Cleanup done
Event: 361.289 Executing VM operation: Cleanup
Event: 361.289 Executing VM operation: Cleanup done
Event: 384.298 Executing VM operation: Cleanup
Event: 384.298 Executing VM operation: Cleanup done
Event: 401.305 Executing VM operation: Cleanup
Event: 401.305 Executing VM operation: Cleanup done
Event: 463.327 Executing VM operation: Cleanup
Event: 463.327 Executing VM operation: Cleanup done
Event: 531.354 Executing VM operation: Cleanup
Event: 531.354 Executing VM operation: Cleanup done
Event: 570.338 Executing VM operation: ICBufferFull
Event: 570.338 Executing VM operation: ICBufferFull done
Event: 570.363 Executing VM operation: G1CollectForAllocation (G1 Evacuation Pause)

Events (20 events):
Event: 569.723 Thread 0x00000243d349d770 Thread added: 0x00000243d349d770
Event: 569.723 Thread 0x00000243d34a14c0 Thread added: 0x00000243d34a14c0
Event: 569.723 Thread 0x00000243d349de40 Thread added: 0x00000243d349de40
Event: 569.723 Thread 0x00000243d34a1b90 Thread added: 0x00000243d34a1b90
Event: 569.723 Thread 0x00000243d349e510 Thread added: 0x00000243d349e510
Event: 569.723 Thread 0x00000243d34a2260 Thread added: 0x00000243d34a2260
Event: 569.777 Thread 0x00000243d349ebe0 Thread added: 0x00000243d349ebe0
Event: 569.822 Thread 0x00000243b1ddc9d0 Thread added: 0x00000243b1ddc9d0
Event: 569.824 Thread 0x00000243b1ddd6f0 Thread added: 0x00000243b1ddd6f0
Event: 570.180 Thread 0x00000243d349e510 Thread exited: 0x00000243d349e510
Event: 570.337 Thread 0x00000243d349de40 Thread exited: 0x00000243d349de40
Event: 570.337 Thread 0x00000243d34a0050 Thread exited: 0x00000243d34a0050
Event: 570.337 Thread 0x00000243d34a1b90 Thread exited: 0x00000243d34a1b90
Event: 570.337 Thread 0x00000243d34a14c0 Thread exited: 0x00000243d34a14c0
Event: 570.337 Thread 0x00000243d349d770 Thread exited: 0x00000243d349d770
Event: 570.339 Thread 0x00000243b1dddd80 Thread added: 0x00000243b1dddd80
Event: 570.339 Thread 0x00000243d24f9920 Thread added: 0x00000243d24f9920
Event: 570.339 Thread 0x00000243d24f9fb0 Thread added: 0x00000243d24f9fb0
Event: 570.340 Thread 0x00000243d24f8c00 Thread added: 0x00000243d24f8c00
Event: 570.340 Thread 0x00000243d24f9290 Thread added: 0x00000243d24f9290


Dynamic libraries:
0x00007ff6d8690000 - 0x00007ff6d86a0000 	C:\Program Files\Java\jdk-21\bin\java.exe
0x00007ffa394e0000 - 0x00007ffa39748000 	C:\WINDOWS\SYSTEM32\ntdll.dll
0x00007ffa37890000 - 0x00007ffa37959000 	C:\WINDOWS\System32\KERNEL32.DLL
0x00007ffa36890000 - 0x00007ffa36c82000 	C:\WINDOWS\System32\KERNELBASE.dll
0x00007ffa37160000 - 0x00007ffa372ab000 	C:\WINDOWS\System32\ucrtbase.dll
0x00007ffa2edd0000 - 0x00007ffa2edeb000 	C:\Program Files\Java\jdk-21\bin\VCRUNTIME140.dll
0x00007ffa2edb0000 - 0x00007ffa2edc9000 	C:\Program Files\Java\jdk-21\bin\jli.dll
0x00007ffa37960000 - 0x00007ffa37a14000 	C:\WINDOWS\System32\ADVAPI32.dll
0x00007ffa393f0000 - 0x00007ffa39499000 	C:\WINDOWS\System32\msvcrt.dll
0x00007ffa38de0000 - 0x00007ffa38e86000 	C:\WINDOWS\System32\sechost.dll
0x00007ffa391c0000 - 0x00007ffa392d8000 	C:\WINDOWS\System32\RPCRT4.dll
0x00007ffa37630000 - 0x00007ffa377f5000 	C:\WINDOWS\System32\USER32.dll
0x00007ffa36f30000 - 0x00007ffa36f57000 	C:\WINDOWS\System32\win32u.dll
0x00007ffa374e0000 - 0x00007ffa3750b000 	C:\WINDOWS\System32\GDI32.dll
0x00007ffa1ca30000 - 0x00007ffa1ccc3000 	C:\WINDOWS\WinSxS\amd64_microsoft.windows.common-controls_6595b64144ccf1df_6.0.26100.6899_none_3e0efeeae32e88c1\COMCTL32.dll
0x00007ffa36e00000 - 0x00007ffa36f2d000 	C:\WINDOWS\System32\gdi32full.dll
0x00007ffa370b0000 - 0x00007ffa37153000 	C:\WINDOWS\System32\msvcp_win.dll
0x00007ffa26200000 - 0x00007ffa2620b000 	C:\WINDOWS\SYSTEM32\VERSION.dll
0x00007ffa374a0000 - 0x00007ffa374cf000 	C:\WINDOWS\System32\IMM32.DLL
0x00007ffa29c70000 - 0x00007ffa29c7c000 	C:\Program Files\Java\jdk-21\bin\vcruntime140_1.dll
0x00007ffa05e20000 - 0x00007ffa05eae000 	C:\Program Files\Java\jdk-21\bin\msvcp140.dll
0x00007ff99ed40000 - 0x00007ff99fa5d000 	C:\Program Files\Java\jdk-21\bin\server\jvm.dll
0x00007ffa37810000 - 0x00007ffa37884000 	C:\WINDOWS\System32\WS2_32.dll
0x00007ffa364d0000 - 0x00007ffa3652e000 	C:\WINDOWS\SYSTEM32\POWRPROF.dll
0x00007ffa2c9f0000 - 0x00007ffa2ca25000 	C:\WINDOWS\SYSTEM32\WINMM.dll
0x00007ffa364b0000 - 0x00007ffa364c4000 	C:\WINDOWS\SYSTEM32\UMPDC.dll
0x00007ffa35400000 - 0x00007ffa3541b000 	C:\WINDOWS\SYSTEM32\kernel.appcore.dll
0x00007ffa23b30000 - 0x00007ffa23b3a000 	C:\Program Files\Java\jdk-21\bin\jimage.dll
0x00007ffa29d50000 - 0x00007ffa29f92000 	C:\WINDOWS\SYSTEM32\DBGHELP.DLL
0x00007ffa38180000 - 0x00007ffa384fb000 	C:\WINDOWS\System32\combase.dll
0x00007ffa38080000 - 0x00007ffa38157000 	C:\WINDOWS\System32\OLEAUT32.dll
0x00007ffa212e0000 - 0x00007ffa2131c000 	C:\WINDOWS\SYSTEM32\dbgcore.DLL
0x00007ffa367f0000 - 0x00007ffa36888000 	C:\WINDOWS\System32\bcryptPrimitives.dll
0x00007ffa23b20000 - 0x00007ffa23b2f000 	C:\Program Files\Java\jdk-21\bin\instrument.dll
0x00007ffa23570000 - 0x00007ffa2358f000 	C:\Program Files\Java\jdk-21\bin\java.dll
0x00007ffa38690000 - 0x00007ffa38ddd000 	C:\WINDOWS\System32\SHELL32.dll
0x00007ffa36c90000 - 0x00007ffa36dfb000 	C:\WINDOWS\System32\wintypes.dll
0x00007ffa342a0000 - 0x00007ffa34afd000 	C:\WINDOWS\SYSTEM32\windows.storage.dll
0x00007ffa392e0000 - 0x00007ffa393d2000 	C:\WINDOWS\System32\SHCORE.dll
0x00007ffa37590000 - 0x00007ffa375f2000 	C:\WINDOWS\System32\shlwapi.dll
0x00007ffa36590000 - 0x00007ffa365b9000 	C:\WINDOWS\SYSTEM32\profapi.dll
0x00007ff9f0cf0000 - 0x00007ff9f0dc7000 	C:\Program Files\Java\jdk-21\bin\jsvml.dll
0x00007ffa234b0000 - 0x00007ffa234c8000 	C:\Program Files\Java\jdk-21\bin\zip.dll
0x00007ffa22f40000 - 0x00007ffa22f50000 	C:\Program Files\Java\jdk-21\bin\net.dll
0x00007ffa30db0000 - 0x00007ffa30ecf000 	C:\WINDOWS\SYSTEM32\WINHTTP.dll
0x00007ffa35950000 - 0x00007ffa359bb000 	C:\WINDOWS\system32\mswsock.dll
0x00007ffa21410000 - 0x00007ffa21426000 	C:\Program Files\Java\jdk-21\bin\nio.dll
0x00007ffa1e4d0000 - 0x00007ffa1e4e0000 	C:\Program Files\Java\jdk-21\bin\verify.dll
0x00007ffa1b0f0000 - 0x00007ffa1b117000 	C:\Users\jfune\.gradle\native\1def1411415f61bf3af743bc5b6707747c0891f09f0c88961ee8f79bc544acac\windows-amd64\native-platform.dll
0x00007ffa02890000 - 0x00007ffa02908000 	C:\Users\jfune\.gradle\native\0.2.7\x86_64-windows-gnu\gradle-fileevents.dll
0x00007ffa1e4c0000 - 0x00007ffa1e4ca000 	C:\Program Files\Java\jdk-21\bin\management.dll
0x00007ffa1dba0000 - 0x00007ffa1dbab000 	C:\Program Files\Java\jdk-21\bin\management_ext.dll
0x00007ffa37f10000 - 0x00007ffa37f18000 	C:\WINDOWS\System32\PSAPI.DLL
0x00007ffa34e00000 - 0x00007ffa34e34000 	C:\WINDOWS\SYSTEM32\IPHLPAPI.DLL
0x00007ffa37800000 - 0x00007ffa3780a000 	C:\WINDOWS\System32\NSI.dll
0x00007ffa1d8c0000 - 0x00007ffa1d8c9000 	C:\Program Files\Java\jdk-21\bin\extnet.dll
0x00007ffa35d30000 - 0x00007ffa35d4b000 	C:\WINDOWS\SYSTEM32\CRYPTSP.dll
0x00007ffa35360000 - 0x00007ffa3539b000 	C:\WINDOWS\system32\rsaenh.dll
0x00007ffa359f0000 - 0x00007ffa35a1b000 	C:\WINDOWS\SYSTEM32\USERENV.dll
0x00007ffa36560000 - 0x00007ffa36586000 	C:\WINDOWS\SYSTEM32\bcrypt.dll
0x00007ffa35b90000 - 0x00007ffa35b9c000 	C:\WINDOWS\SYSTEM32\CRYPTBASE.dll
0x00007ffa1d8b0000 - 0x00007ffa1d8be000 	C:\Program Files\Java\jdk-21\bin\sunmscapi.dll
0x00007ffa36670000 - 0x00007ffa367e7000 	C:\WINDOWS\System32\CRYPT32.dll
0x00007ffa35e80000 - 0x00007ffa35eb0000 	C:\WINDOWS\SYSTEM32\ncrypt.dll
0x00007ffa35e30000 - 0x00007ffa35e6f000 	C:\WINDOWS\SYSTEM32\NTASN1.dll
0x00007ffa2f690000 - 0x00007ffa2f698000 	C:\WINDOWS\system32\wshunix.dll

dbghelp: loaded successfully - version: 4.0.5 - missing functions: none
symbol engine: initialized successfully - sym options: 0x614 - pdb path: .;C:\Program Files\Java\jdk-21\bin;C:\WINDOWS\SYSTEM32;C:\WINDOWS\WinSxS\amd64_microsoft.windows.common-controls_6595b64144ccf1df_6.0.26100.6899_none_3e0efeeae32e88c1;C:\Program Files\Java\jdk-21\bin\server;C:\Users\jfune\.gradle\native\1def1411415f61bf3af743bc5b6707747c0891f09f0c88961ee8f79bc544acac\windows-amd64;C:\Users\jfune\.gradle\native\0.2.7\x86_64-windows-gnu

VM Arguments:
jvm_args: --add-opens=java.base/java.lang=ALL-UNNAMED --add-opens=java.base/java.lang.invoke=ALL-UNNAMED --add-opens=java.base/java.util=ALL-UNNAMED --add-opens=java.prefs/java.util.prefs=ALL-UNNAMED --add-exports=jdk.compiler/com.sun.tools.javac.api=ALL-UNNAMED --add-exports=jdk.compiler/com.sun.tools.javac.util=ALL-UNNAMED --add-opens=java.base/java.util=ALL-UNNAMED --add-opens=java.prefs/java.util.prefs=ALL-UNNAMED --add-opens=java.base/java.nio.charset=ALL-UNNAMED --add-opens=java.base/java.net=ALL-UNNAMED --add-opens=java.base/java.util.concurrent.atomic=ALL-UNNAMED --add-opens=java.xml/javax.xml.namespace=ALL-UNNAMED -XX:MaxMetaspaceSize=384m -XX:+HeapDumpOnOutOfMemoryError -Xms256m -Xmx512m -Dfile.encoding=UTF-8 -Duser.country=US -Duser.language=en -Duser.variant -javaagent:C:\Users\jfune\.gradle\wrapper\dists\gradle-8.14-bin\38aieal9i53h9rfe7vjup95b9\gradle-8.14\lib\agents\gradle-instrumentation-agent-8.14.jar 
java_command: org.gradle.launcher.daemon.bootstrap.GradleDaemon 8.14
java_class_path (initial): C:\Users\jfune\.gradle\wrapper\dists\gradle-8.14-bin\38aieal9i53h9rfe7vjup95b9\gradle-8.14\lib\gradle-daemon-main-8.14.jar
Launcher Type: SUN_STANDARD

[Global flags]
     intx CICompilerCount                          = 12                                        {product} {ergonomic}
   size_t CompressedClassSpaceSize                 = 335544320                                 {product} {ergonomic}
     uint ConcGCThreads                            = 3                                         {product} {ergonomic}
     uint G1ConcRefinementThreads                  = 13                                        {product} {ergonomic}
   size_t G1HeapRegionSize                         = 1048576                                   {product} {ergonomic}
    uintx GCDrainStackTargetSize                   = 64                                        {product} {ergonomic}
     bool HeapDumpOnOutOfMemoryError               = true                                   {manageable} {command line}
   size_t InitialHeapSize                          = 268435456                                 {product} {command line}
   size_t MarkStackSize                            = 4194304                                   {product} {ergonomic}
   size_t MaxHeapSize                              = 536870912                                 {product} {command line}
   size_t MaxMetaspaceSize                         = 402653184                                 {product} {command line}
   size_t MaxNewSize                               = 321912832                                 {product} {ergonomic}
   size_t MinHeapDeltaBytes                        = 1048576                                   {product} {ergonomic}
   size_t MinHeapSize                              = 268435456                                 {product} {command line}
    uintx NonNMethodCodeHeapSize                   = 7602480                                {pd product} {ergonomic}
    uintx NonProfiledCodeHeapSize                  = 122027880                              {pd product} {ergonomic}
    uintx ProfiledCodeHeapSize                     = 122027880                              {pd product} {ergonomic}
    uintx ReservedCodeCacheSize                    = 251658240                              {pd product} {ergonomic}
     bool SegmentedCodeCache                       = true                                      {product} {ergonomic}
   size_t SoftMaxHeapSize                          = 536870912                              {manageable} {ergonomic}
     bool UseCompressedOops                        = true                           {product lp64_product} {ergonomic}
     bool UseG1GC                                  = true                                      {product} {ergonomic}
     bool UseLargePagesIndividualAllocation        = false                                  {pd product} {ergonomic}

Logging:
Log output configuration:
 #0: stdout all=warning uptime,level,tags foldmultilines=false
 #1: stderr all=off uptime,level,tags foldmultilines=false

Environment Variables:
JAVA_HOME=C:\Program Files\Java\jdk-21
PATH=C:\Program Files\Java\jdk-21\bin;C:\Program Files\Common Files\Oracle\Java\javapath;C:\WINDOWS\system32;C:\WINDOWS;C:\WINDOWS\System32\Wbem;C:\WINDOWS\System32\WindowsPowerShell\v1.0\;C:\WINDOWS\System32\OpenSSH\;D:\Gradle\gradle-9.1.0-bin\gradle-9.1.0\bin;C:\Program Files\Git\cmd;C:\Users\jfune\AppData\Local\Microsoft\WindowsApps;D:\Intellij\IntelliJ IDEA Community Edition 2025.2\bin;C:\Users\jfune\AppData\Local\Programs\Microsoft VS Code\bin;C:\Users\jfune\AppData\Local\GitHubDesktop\bin
USERNAME=jfune
OS=Windows_NT
PROCESSOR_IDENTIFIER=AMD64 Family 25 Model 33 Stepping 2, AuthenticAMD
TMP=C:\Users\jfune\AppData\Local\Temp
TEMP=C:\Users\jfune\AppData\Local\Temp




Periodic native trim disabled

---------------  S Y S T E M  ---------------

OS:
 Windows 11 , 64 bit Build 26100 (10.0.26100.6725)
OS uptime: 1 days 23:35 hours
Hyper-V role detected

CPU: total 16 (initial active 16) (16 cores per cpu, 2 threads per core) family 25 model 33 stepping 2 microcode 0xa201210, cx8, cmov, fxsr, ht, mmx, 3dnowpref, sse, sse2, sse3, ssse3, sse4a, sse4.1, sse4.2, popcnt, lzcnt, tsc, tscinvbit, avx, avx2, aes, erms, clmul, bmi1, bmi2, adx, sha, fma, vzeroupper, clflush, clflushopt, hv, rdtscp, rdpid, fsrm, f16c, cet_ss
Processor Information for all 16 processors :
  Max Mhz: 3401, Current Mhz: 3401, Mhz Limit: 3401

Memory: 4k page, system-wide physical 16293M (5655M free)
TotalPageFile size 27340M (AvailPageFile size 12267M)
current process WorkingSet (physical memory assigned to process): 626M, peak: 642M
current process commit charge ("private bytes"): 683M, peak: 700M

vm_info: Java HotSpot(TM) 64-Bit Server VM (21.0.8+12-LTS-250) for windows-amd64 JRE (21.0.8+12-LTS-250), built on 2025-06-27T08:11:22Z by "mach5one" with MS VC++ 17.6 (VS2022)

END.
